#
# A fatal error has been detected by the Java Runtime Environment:
#
#  SIGSEGV (0xb) at pc=0x0000000000000000, pid=94069, tid=32551
#
# JRE version: Java(TM) SE Runtime Environment (17.0.1+12) (build 17.0.1+12-LTS-39)
# Java VM: Java HotSpot(TM) 64-Bit Server VM (17.0.1+12-LTS-39, mixed mode, sharing, tiered, compressed oops, compressed class ptrs, g1 gc, bsd-amd64)
# Problematic frame:
# C  0x0000000000000000
#
# No core dump will be written. Core dumps have been disabled. To enable core dumping, try "ulimit -c unlimited" before starting Java again
#
# If you would like to submit a bug report, please visit:
#   https://bugreport.java.com/bugreport/crash.jsp
#

---------------  S U M M A R Y ------------

Command Line: -ea -Didea.test.cyclic.buffer.size=1048576 -javaagent:/Applications/IntelliJ IDEA.app/Contents/lib/idea_rt.jar=49933:/Applications/IntelliJ IDEA.app/Contents/bin -agentpath:/private/var/folders/d7/pzyyff8j73x12v831n793dv80000gn/T/libasyncProfiler.so=start,jfr,event=cpu,interval=1ms,event=alloc,file=/Users/seungjae/TotalUnitTest_2021_11_14_151217.jfr -Dfile.encoding=UTF-8 com.intellij.rt.junit.JUnitStarter -ideVersion5 -junit5 @w@/private/var/folders/d7/pzyyff8j73x12v831n793dv80000gn/T/idea_working_dirs_junit.tmp @/private/var/folders/d7/pzyyff8j73x12v831n793dv80000gn/T/idea_junit.tmp -socket49932

Host: "MacBookAir10,1" x86_64 (EMULATED) 2400 MHz, 8 cores, 16G, Darwin 20.6.0, macOS 11.5.2 (20G95)
Time: Sun Nov 14 15:12:21 2021 KST elapsed time: 4.129607 seconds (0d 0h 0m 4s)

---------------  T H R E A D  ---------------

Current thread (0x00007f8ca4d44400):  JavaThread "background-preinit" [_thread_in_vm, id=32551, stack(0x0000000306ae9000,0x0000000306be9000)]

Stack: [0x0000000306ae9000,0x0000000306be9000],  sp=0x0000000306be3a18,  free space=1002k
Java frames: (J=compiled Java code, j=interpreted, Vv=VM code)
v  ~RuntimeStub::new_type_array Runtime1 stub
J 227 c1 java.util.Arrays.copyOf([BI)[B java.base@17.0.1 (19 bytes) @ 0x0000000117cef4d8 [0x0000000117cef2c0+0x0000000000000218]
J 1419 c1 jdk.internal.loader.Resource.getBytes()[B java.base@17.0.1 (244 bytes) @ 0x0000000117f91be4 [0x0000000117f914a0+0x0000000000000744]
J 1498 c1 jdk.internal.loader.URLClassPath$JarLoader$2.getBytes()[B java.base@17.0.1 (48 bytes) @ 0x0000000117fc897c [0x0000000117fc8900+0x000000000000007c]
J 1241 c1 jdk.internal.loader.BuiltinClassLoader.defineClass(Ljava/lang/String;Ljdk/internal/loader/Resource;)Ljava/lang/Class; java.base@17.0.1 (121 bytes) @ 0x0000000117f2f074 [0x0000000117f2e2a0+0x0000000000000dd4]
J 885 c1 jdk.internal.loader.BuiltinClassLoader.findClassOnClassPathOrNull(Ljava/lang/String;)Ljava/lang/Class; java.base@17.0.1 (64 bytes) @ 0x0000000117e5f784 [0x0000000117e5e760+0x0000000000001024]
J 548 c1 jdk.internal.loader.BuiltinClassLoader.loadClassOrNull(Ljava/lang/String;Z)Ljava/lang/Class; java.base@17.0.1 (143 bytes) @ 0x0000000117d89d7c [0x0000000117d88ec0+0x0000000000000ebc]
J 686 c1 jdk.internal.loader.ClassLoaders$AppClassLoader.loadClass(Ljava/lang/String;Z)Ljava/lang/Class; java.base@17.0.1 (40 bytes) @ 0x0000000117de1f14 [0x0000000117de18e0+0x0000000000000634]
J 660 c1 java.lang.ClassLoader.loadClass(Ljava/lang/String;)Ljava/lang/Class; java.base@17.0.1 (7 bytes) @ 0x0000000117dd4dc4 [0x0000000117dd4cc0+0x0000000000000104]
v  ~StubRoutines::call_stub
j  com.fasterxml.jackson.databind.cfg.DeserializerFactoryConfig.<clinit>()V+34
v  ~StubRoutines::call_stub
j  com.fasterxml.jackson.databind.deser.BeanDeserializerFactory.<clinit>()V+17
v  ~StubRoutines::call_stub
j  com.fasterxml.jackson.databind.ObjectMapper.<init>(Lcom/fasterxml/jackson/core/JsonFactory;Lcom/fasterxml/jackson/databind/ser/DefaultSerializerProvider;Lcom/fasterxml/jackson/databind/deser/DefaultDeserializationContext;)V+254
j  com.fasterxml.jackson.databind.ObjectMapper.<init>()V+4
j  org.springframework.http.converter.json.Jackson2ObjectMapperBuilder.build()Lcom/fasterxml/jackson/databind/ObjectMapper;+83
j  org.springframework.http.converter.json.MappingJackson2HttpMessageConverter.<init>()V+4
j  org.springframework.http.converter.support.AllEncompassingFormHttpMessageConverter.<init>()V+59
j  org.springframework.boot.autoconfigure.BackgroundPreinitializer$MessageConverterInitializer.run()V+4
j  org.springframework.boot.autoconfigure.BackgroundPreinitializer$1.runSafely(Ljava/lang/Runnable;)V+1
j  org.springframework.boot.autoconfigure.BackgroundPreinitializer$1.run()V+33
j  java.lang.Thread.run()V+11 java.base@17.0.1
v  ~StubRoutines::call_stub

siginfo: si_signo: 11 (SIGSEGV), si_code: 1 (SEGV_MAPERR), si_addr: 0x0000000000000000

Register to memory mapping:

RAX=0x000000010dc83ac8: _ZN15JfrEventSetting19_jvm_event_settingsE+0 in /Library/Java/JavaVirtualMachines/jdk-17.0.1.jdk/Contents/Home/lib/server/libjvm.dylib at 0x000000010d000000
RBX=0x000000010dc41a60: _ZN23CompressedKlassPointers13_narrow_klassE+0 in /Library/Java/JavaVirtualMachines/jdk-17.0.1.jdk/Contents/Home/lib/server/libjvm.dylib at 0x000000010d000000
RCX=0x00007f8ca4d44400 is a thread
RDX=0x0 is NULL
RSP=0x0000000306be3a18 is pointing into the stack for thread: 0x00007f8ca4d44400
RBP=0x000000010d7fd10c: _ZN12MemAllocator10Allocation17notify_allocationEv+0x17c in /Library/Java/JavaVirtualMachines/jdk-17.0.1.jdk/Contents/Home/lib/server/libjvm.dylib at 0x000000010d000000
RSI=0x00000000000023d8 is an unknown value
RDI=0x000000010dc72b70: _ZL21_last_allocated_bytes+0 in /Library/Java/JavaVirtualMachines/jdk-17.0.1.jdk/Contents/Home/lib/server/libjvm.dylib at 0x000000010d000000
R8 =0x0 is NULL
R9 =0x00007f8ca4d44400 is a thread
R10=0x00000001004f0000 points into unknown readable memory: 0x0000000000000000 | 00 00 00 00 00 00 00 00
R11=0x0000000000000220 is an unknown value
R12=0x0 is NULL
R13=0x0000000000001037 is an unknown value
R14=0x0000000306be3a50 is pointing into the stack for thread: 0x00007f8ca4d44400
R15=0x00007f8ca4d44400 is a thread


Registers:
RAX=0x000000010dc83ac8, RBX=0x000000010dc41a60, RCX=0x00007f8ca4d44400, RDX=0x0000000000000000
RSP=0x0000000306be3a18, RBP=0x000000010d7fd10c, RSI=0x00000000000023d8, RDI=0x000000010dc72b70
R8 =0x0000000000000000, R9 =0x00007f8ca4d44400, R10=0x00000001004f0000, R11=0x0000000000000220
R12=0x0000000000000000, R13=0x0000000000001037, R14=0x0000000306be3a50, R15=0x00007f8ca4d44400
RIP=0x0000000000000000, EFLAGS=0x0000000000000206, ERR=0x0000000000000004
  TRAPNO=0x000000000000000e

Top of Stack: (sp=0x0000000306be3a18)
0x0000000306be3a18:   0000000306be3aa8 0000000000000000
0x0000000306be3a28:   0000000000001037 00007f8ca4d44400
0x0000000306be3a38:   00007f8ca4d44400 0000000306be3a90
0x0000000306be3a48:   000000010d7fd5cf 0000000306be3aa8
0x0000000306be3a58:   00007f8ca4d44400 0000000306be3a80
0x0000000306be3a68:   00007f8ca4d40000 00000000000005ce
0x0000000306be3a78:   0000000000000000 000000070e5fd190
0x0000000306be3a88:   00000000000023c5 0000000306be3ad0
0x0000000306be3a98:   000000010d3087a6 0000000306be3ad0
0x0000000306be3aa8:   000000010dc2d2c0 00007f8ca4d44400
0x0000000306be3ab8:   0000000800006328 000000000000047b
0x0000000306be3ac8:   00007f01000023c5 0000000306be3af0
0x0000000306be3ad8:   000000010d259442 00000000000023c5
0x0000000306be3ae8:   0000000000000000 0000000306be3f70
0x0000000306be3af8:   00000001177ff6e3 0000000306be3b30
0x0000000306be3b08:   0000000000000000 0000000000000000
0x0000000306be3b18:   00000007ffe64fb8 0000000000000000
0x0000000306be3b28:   0000000000000004 0000000100000001
0x0000000306be3b38:   0000000100000001 0000000500000005
0x0000000306be3b48:   0000000000000000 0000000000000000
0x0000000306be3b58:   0000000000000000 0000000000000000
0x0000000306be3b68:   0000000000000000 0000000000000000
0x0000000306be3b78:   0000000000000000 0000000000000000
0x0000000306be3b88:   000000000000127a 0000000000000000
0x0000000306be3b98:   00007f8ca4d44400 0000000306be3bf0
0x0000000306be3ba8:   000000011f1f5d6a 0000000700120328
0x0000000306be3bb8:   000000070e5f9600 00007f8ca4d44400
0x0000000306be3bc8:   0000000000000000 00000000e1cbed60
0x0000000306be3bd8:   0000000800001480 000000070e5f6b00
0x0000000306be3be8:   000000010d9a7dfc 00007f8ca4d44400
0x0000000306be3bf8:   000000010dc43f78 0000000306be3c50
0x0000000306be3c08:   000000010d9a7ae3 0000000700120328 

Instructions: (pc=0x0000000000000000)
0xffffffffffffff00:   


Stack slot to memory mapping:
stack at sp + 0 slots: 0x0000000306be3aa8 is pointing into the stack for thread: 0x00007f8ca4d44400
stack at sp + 1 slots: 0x0 is NULL
stack at sp + 2 slots: 0x0000000000001037 is an unknown value
stack at sp + 3 slots: 0x00007f8ca4d44400 is a thread
stack at sp + 4 slots: 0x00007f8ca4d44400 is a thread
stack at sp + 5 slots: 0x0000000306be3a90 is pointing into the stack for thread: 0x00007f8ca4d44400
stack at sp + 6 slots: 0x000000010d7fd5cf: _ZNK12MemAllocator8allocateEv+0xef in /Library/Java/JavaVirtualMachines/jdk-17.0.1.jdk/Contents/Home/lib/server/libjvm.dylib at 0x000000010d000000
stack at sp + 7 slots: 0x0000000306be3aa8 is pointing into the stack for thread: 0x00007f8ca4d44400


---------------  P R O C E S S  ---------------

Threads class SMR info:
_java_thread_list=0x00007f8c52ff7f70, length=14, elements={
0x00007f8ca480d000, 0x00007f8c92025000, 0x00007f8c92022a00, 0x00007f8ca380aa00,
0x00007f8ca380fc00, 0x00007f8ca3810200, 0x00007f8ca3810800, 0x00007f8ca3810e00,
0x00007f8ca304b800, 0x00007f8c92047800, 0x00007f8ca3815800, 0x00007f8ca380f000,
0x00007f8ca31bb000, 0x00007f8ca4d44400
}

Java Threads: ( => current thread )
  0x00007f8ca480d000 JavaThread "main" [_thread_in_Java, id=7171, stack(0x0000000304f07000,0x0000000305007000)]
  0x00007f8c92025000 JavaThread "Reference Handler" daemon [_thread_blocked, id=22283, stack(0x000000030561c000,0x000000030571c000)]
  0x00007f8c92022a00 JavaThread "Finalizer" daemon [_thread_blocked, id=42499, stack(0x000000030571f000,0x000000030581f000)]
  0x00007f8ca380aa00 JavaThread "Signal Dispatcher" daemon [_thread_blocked, id=41219, stack(0x0000000305933000,0x0000000305a33000)]
  0x00007f8ca380fc00 JavaThread "Service Thread" daemon [_thread_blocked, id=40707, stack(0x0000000305a36000,0x0000000305b36000)]
  0x00007f8ca3810200 JavaThread "Monitor Deflation Thread" daemon [_thread_blocked, id=26115, stack(0x0000000305b39000,0x0000000305c39000)]
  0x00007f8ca3810800 JavaThread "C2 CompilerThread0" daemon [_thread_blocked, id=26627, stack(0x0000000305c3c000,0x0000000305d3c000)]
  0x00007f8ca3810e00 JavaThread "C1 CompilerThread0" daemon [_thread_blocked, id=40195, stack(0x0000000305d3f000,0x0000000305e3f000)]
  0x00007f8ca304b800 JavaThread "Sweeper thread" daemon [_thread_blocked, id=39683, stack(0x0000000305e42000,0x0000000305f42000)]
  0x00007f8c92047800 JavaThread "Common-Cleaner" daemon [_thread_blocked, id=38687, stack(0x0000000305f45000,0x0000000306045000)]
  0x00007f8ca3815800 JavaThread "Monitor Ctrl-Break" daemon [_thread_in_native, id=37711, stack(0x0000000306048000,0x0000000306148000)]
  0x00007f8ca380f000 JavaThread "Attach Listener" daemon [_thread_blocked, id=36611, stack(0x000000030614b000,0x000000030624b000)]
  0x00007f8ca31bb000 JavaThread "Notification Thread" daemon [_thread_blocked, id=28439, stack(0x00000003062d1000,0x00000003063d1000)]
=>0x00007f8ca4d44400 JavaThread "background-preinit" [_thread_in_vm, id=32551, stack(0x0000000306ae9000,0x0000000306be9000)]

Other Threads:
  0x00007f8ca4038060 VMThread "VM Thread" [stack: 0x0000000305519000,0x0000000305619000] [id=43267]
  0x00007f8c52d58a40 WatcherThread [stack: 0x00000003063d4000,0x00000003064d4000] [id=28979]
  0x00007f8ca1e0fff0 GCTaskThread "GC Thread#0" [stack: 0x000000030500a000,0x000000030510a000] [id=19203]
  0x00007f8c52ddaeb0 GCTaskThread "GC Thread#1" [stack: 0x00000003064d7000,0x00000003065d7000] [id=35403]
  0x00007f8c52f3ee60 GCTaskThread "GC Thread#2" [stack: 0x00000003065da000,0x00000003066da000] [id=35075]
  0x00007f8c52f3f600 GCTaskThread "GC Thread#3" [stack: 0x00000003066dd000,0x00000003067dd000] [id=34819]
  0x00007f8c52ecb290 GCTaskThread "GC Thread#4" [stack: 0x00000003067e0000,0x00000003068e0000] [id=34307]
  0x00007f8c52ecbf00 GCTaskThread "GC Thread#5" [stack: 0x00000003068e3000,0x00000003069e3000] [id=34051]
  0x00007f8c41cb3e50 GCTaskThread "GC Thread#6" [stack: 0x00000003069e6000,0x0000000306ae6000] [id=32107]
  0x00007f8ca1e10e60 ConcurrentGCThread "G1 Main Marker" [stack: 0x000000030510d000,0x000000030520d000] [id=14339]
  0x00007f8ca1e11c00 ConcurrentGCThread "G1 Conc#0" [stack: 0x0000000305210000,0x0000000305310000] [id=18179]
  0x00007f8ca4027900 ConcurrentGCThread "G1 Refine#0" [stack: 0x0000000305313000,0x0000000305413000] [id=14851]
  0x00007f8ca4028660 ConcurrentGCThread "G1 Service" [stack: 0x0000000305416000,0x0000000305516000] [id=17411]

Threads with active compile tasks:

VM state: not at safepoint (normal execution)

VM Mutex/Monitor currently owned by a thread: None

Heap address: 0x0000000700000000, size: 4096 MB, Compressed Oops mode: Zero based, Oop shift amount: 3

CDS archive(s) mapped at: [0x0000000800000000-0x0000000800bd4000-0x0000000800bd4000), size 12402688, SharedBaseAddress: 0x0000000800000000, ArchiveRelocationMode: 0.
Compressed class space mapped at: 0x0000000800c00000-0x0000000840c00000, reserved size: 1073741824
Narrow klass base: 0x0000000800000000, Narrow klass shift: 0, Narrow klass range: 0x100000000

GC Precious Log:
 CPUs: 8 total, 8 available
 Memory: 16384M
 Large Page Support: Disabled
 NUMA Support: Disabled
 Compressed Oops: Enabled (Zero based)
 Heap Region Size: 2M
 Heap Min Capacity: 8M
 Heap Initial Capacity: 256M
 Heap Max Capacity: 4G
 Pre-touch: Disabled
 Parallel Workers: 8
 Concurrent Workers: 2
 Concurrent Refinement Workers: 8
 Periodic GC: Disabled

Heap:
 garbage-first heap   total 266240K, used 39361K [0x0000000700000000, 0x0000000800000000)
  region size 2048K, 17 young (34816K), 2 survivors (4096K)
 Metaspace       used 17339K, committed 17664K, reserved 1064960K
  class space    used 2270K, committed 2432K, reserved 1048576K

Heap Regions: E=young(eden), S=young(survivor), O=old, HS=humongous(starts), HC=humongous(continues), CS=collection set, F=free, OA=open archive, CA=closed archive, TAMS=top-at-mark-start (previous, next)
|   0|0x0000000700000000, 0x0000000700200000, 0x0000000700200000|100%| O|  |TAMS 0x0000000700000000, 0x0000000700000000| Untracked 
|   1|0x0000000700200000, 0x0000000700400000, 0x0000000700400000|100%| O|  |TAMS 0x0000000700200000, 0x0000000700200000| Untracked 
|   2|0x0000000700400000, 0x0000000700600000, 0x0000000700600000|100%| O|  |TAMS 0x0000000700400000, 0x0000000700400000| Untracked 
|   3|0x0000000700600000, 0x000000070062ec00, 0x0000000700800000|  9%| O|  |TAMS 0x0000000700600000, 0x0000000700600000| Untracked 
|   4|0x0000000700800000, 0x0000000700800000, 0x0000000700a00000|  0%| F|  |TAMS 0x0000000700800000, 0x0000000700800000| Untracked 
|   5|0x0000000700a00000, 0x0000000700a00000, 0x0000000700c00000|  0%| F|  |TAMS 0x0000000700a00000, 0x0000000700a00000| Untracked 
|   6|0x0000000700c00000, 0x0000000700c00000, 0x0000000700e00000|  0%| F|  |TAMS 0x0000000700c00000, 0x0000000700c00000| Untracked 
|   7|0x0000000700e00000, 0x0000000700e00000, 0x0000000701000000|  0%| F|  |TAMS 0x0000000700e00000, 0x0000000700e00000| Untracked 
|   8|0x0000000701000000, 0x0000000701000000, 0x0000000701200000|  0%| F|  |TAMS 0x0000000701000000, 0x0000000701000000| Untracked 
|   9|0x0000000701200000, 0x0000000701200000, 0x0000000701400000|  0%| F|  |TAMS 0x0000000701200000, 0x0000000701200000| Untracked 
|  10|0x0000000701400000, 0x0000000701400000, 0x0000000701600000|  0%| F|  |TAMS 0x0000000701400000, 0x0000000701400000| Untracked 
|  11|0x0000000701600000, 0x0000000701600000, 0x0000000701800000|  0%| F|  |TAMS 0x0000000701600000, 0x0000000701600000| Untracked 
|  12|0x0000000701800000, 0x0000000701800000, 0x0000000701a00000|  0%| F|  |TAMS 0x0000000701800000, 0x0000000701800000| Untracked 
|  13|0x0000000701a00000, 0x0000000701a00000, 0x0000000701c00000|  0%| F|  |TAMS 0x0000000701a00000, 0x0000000701a00000| Untracked 
|  14|0x0000000701c00000, 0x0000000701c00000, 0x0000000701e00000|  0%| F|  |TAMS 0x0000000701c00000, 0x0000000701c00000| Untracked 
|  15|0x0000000701e00000, 0x0000000701e00000, 0x0000000702000000|  0%| F|  |TAMS 0x0000000701e00000, 0x0000000701e00000| Untracked 
|  16|0x0000000702000000, 0x0000000702000000, 0x0000000702200000|  0%| F|  |TAMS 0x0000000702000000, 0x0000000702000000| Untracked 
|  17|0x0000000702200000, 0x0000000702200000, 0x0000000702400000|  0%| F|  |TAMS 0x0000000702200000, 0x0000000702200000| Untracked 
|  18|0x0000000702400000, 0x0000000702400000, 0x0000000702600000|  0%| F|  |TAMS 0x0000000702400000, 0x0000000702400000| Untracked 
|  19|0x0000000702600000, 0x0000000702600000, 0x0000000702800000|  0%| F|  |TAMS 0x0000000702600000, 0x0000000702600000| Untracked 
|  20|0x0000000702800000, 0x0000000702800000, 0x0000000702a00000|  0%| F|  |TAMS 0x0000000702800000, 0x0000000702800000| Untracked 
|  21|0x0000000702a00000, 0x0000000702a00000, 0x0000000702c00000|  0%| F|  |TAMS 0x0000000702a00000, 0x0000000702a00000| Untracked 
|  22|0x0000000702c00000, 0x0000000702c00000, 0x0000000702e00000|  0%| F|  |TAMS 0x0000000702c00000, 0x0000000702c00000| Untracked 
|  23|0x0000000702e00000, 0x0000000702e00000, 0x0000000703000000|  0%| F|  |TAMS 0x0000000702e00000, 0x0000000702e00000| Untracked 
|  24|0x0000000703000000, 0x0000000703000000, 0x0000000703200000|  0%| F|  |TAMS 0x0000000703000000, 0x0000000703000000| Untracked 
|  25|0x0000000703200000, 0x0000000703200000, 0x0000000703400000|  0%| F|  |TAMS 0x0000000703200000, 0x0000000703200000| Untracked 
|  26|0x0000000703400000, 0x0000000703400000, 0x0000000703600000|  0%| F|  |TAMS 0x0000000703400000, 0x0000000703400000| Untracked 
|  27|0x0000000703600000, 0x0000000703600000, 0x0000000703800000|  0%| F|  |TAMS 0x0000000703600000, 0x0000000703600000| Untracked 
|  28|0x0000000703800000, 0x0000000703800000, 0x0000000703a00000|  0%| F|  |TAMS 0x0000000703800000, 0x0000000703800000| Untracked 
|  29|0x0000000703a00000, 0x0000000703a00000, 0x0000000703c00000|  0%| F|  |TAMS 0x0000000703a00000, 0x0000000703a00000| Untracked 
|  30|0x0000000703c00000, 0x0000000703c00000, 0x0000000703e00000|  0%| F|  |TAMS 0x0000000703c00000, 0x0000000703c00000| Untracked 
|  31|0x0000000703e00000, 0x0000000703e00000, 0x0000000704000000|  0%| F|  |TAMS 0x0000000703e00000, 0x0000000703e00000| Untracked 
|  32|0x0000000704000000, 0x0000000704000000, 0x0000000704200000|  0%| F|  |TAMS 0x0000000704000000, 0x0000000704000000| Untracked 
|  33|0x0000000704200000, 0x0000000704200000, 0x0000000704400000|  0%| F|  |TAMS 0x0000000704200000, 0x0000000704200000| Untracked 
|  34|0x0000000704400000, 0x0000000704400000, 0x0000000704600000|  0%| F|  |TAMS 0x0000000704400000, 0x0000000704400000| Untracked 
|  35|0x0000000704600000, 0x0000000704600000, 0x0000000704800000|  0%| F|  |TAMS 0x0000000704600000, 0x0000000704600000| Untracked 
|  36|0x0000000704800000, 0x0000000704800000, 0x0000000704a00000|  0%| F|  |TAMS 0x0000000704800000, 0x0000000704800000| Untracked 
|  37|0x0000000704a00000, 0x0000000704a00000, 0x0000000704c00000|  0%| F|  |TAMS 0x0000000704a00000, 0x0000000704a00000| Untracked 
|  38|0x0000000704c00000, 0x0000000704c00000, 0x0000000704e00000|  0%| F|  |TAMS 0x0000000704c00000, 0x0000000704c00000| Untracked 
|  39|0x0000000704e00000, 0x0000000704e00000, 0x0000000705000000|  0%| F|  |TAMS 0x0000000704e00000, 0x0000000704e00000| Untracked 
|  40|0x0000000705000000, 0x0000000705000000, 0x0000000705200000|  0%| F|  |TAMS 0x0000000705000000, 0x0000000705000000| Untracked 
|  41|0x0000000705200000, 0x0000000705200000, 0x0000000705400000|  0%| F|  |TAMS 0x0000000705200000, 0x0000000705200000| Untracked 
|  42|0x0000000705400000, 0x0000000705400000, 0x0000000705600000|  0%| F|  |TAMS 0x0000000705400000, 0x0000000705400000| Untracked 
|  43|0x0000000705600000, 0x0000000705600000, 0x0000000705800000|  0%| F|  |TAMS 0x0000000705600000, 0x0000000705600000| Untracked 
|  44|0x0000000705800000, 0x0000000705800000, 0x0000000705a00000|  0%| F|  |TAMS 0x0000000705800000, 0x0000000705800000| Untracked 
|  45|0x0000000705a00000, 0x0000000705a00000, 0x0000000705c00000|  0%| F|  |TAMS 0x0000000705a00000, 0x0000000705a00000| Untracked 
|  46|0x0000000705c00000, 0x0000000705c00000, 0x0000000705e00000|  0%| F|  |TAMS 0x0000000705c00000, 0x0000000705c00000| Untracked 
|  47|0x0000000705e00000, 0x0000000705e00000, 0x0000000706000000|  0%| F|  |TAMS 0x0000000705e00000, 0x0000000705e00000| Untracked 
|  48|0x0000000706000000, 0x0000000706000000, 0x0000000706200000|  0%| F|  |TAMS 0x0000000706000000, 0x0000000706000000| Untracked 
|  49|0x0000000706200000, 0x0000000706200000, 0x0000000706400000|  0%| F|  |TAMS 0x0000000706200000, 0x0000000706200000| Untracked 
|  50|0x0000000706400000, 0x0000000706400000, 0x0000000706600000|  0%| F|  |TAMS 0x0000000706400000, 0x0000000706400000| Untracked 
|  51|0x0000000706600000, 0x0000000706600000, 0x0000000706800000|  0%| F|  |TAMS 0x0000000706600000, 0x0000000706600000| Untracked 
|  52|0x0000000706800000, 0x0000000706800000, 0x0000000706a00000|  0%| F|  |TAMS 0x0000000706800000, 0x0000000706800000| Untracked 
|  53|0x0000000706a00000, 0x0000000706a00000, 0x0000000706c00000|  0%| F|  |TAMS 0x0000000706a00000, 0x0000000706a00000| Untracked 
|  54|0x0000000706c00000, 0x0000000706c00000, 0x0000000706e00000|  0%| F|  |TAMS 0x0000000706c00000, 0x0000000706c00000| Untracked 
|  55|0x0000000706e00000, 0x0000000706e00000, 0x0000000707000000|  0%| F|  |TAMS 0x0000000706e00000, 0x0000000706e00000| Untracked 
|  56|0x0000000707000000, 0x0000000707000000, 0x0000000707200000|  0%| F|  |TAMS 0x0000000707000000, 0x0000000707000000| Untracked 
|  57|0x0000000707200000, 0x0000000707200000, 0x0000000707400000|  0%| F|  |TAMS 0x0000000707200000, 0x0000000707200000| Untracked 
|  58|0x0000000707400000, 0x0000000707400000, 0x0000000707600000|  0%| F|  |TAMS 0x0000000707400000, 0x0000000707400000| Untracked 
|  59|0x0000000707600000, 0x0000000707600000, 0x0000000707800000|  0%| F|  |TAMS 0x0000000707600000, 0x0000000707600000| Untracked 
|  60|0x0000000707800000, 0x0000000707800000, 0x0000000707a00000|  0%| F|  |TAMS 0x0000000707800000, 0x0000000707800000| Untracked 
|  61|0x0000000707a00000, 0x0000000707a00000, 0x0000000707c00000|  0%| F|  |TAMS 0x0000000707a00000, 0x0000000707a00000| Untracked 
|  62|0x0000000707c00000, 0x0000000707c00000, 0x0000000707e00000|  0%| F|  |TAMS 0x0000000707c00000, 0x0000000707c00000| Untracked 
|  63|0x0000000707e00000, 0x0000000707e00000, 0x0000000708000000|  0%| F|  |TAMS 0x0000000707e00000, 0x0000000707e00000| Untracked 
|  64|0x0000000708000000, 0x0000000708000000, 0x0000000708200000|  0%| F|  |TAMS 0x0000000708000000, 0x0000000708000000| Untracked 
|  65|0x0000000708200000, 0x0000000708200000, 0x0000000708400000|  0%| F|  |TAMS 0x0000000708200000, 0x0000000708200000| Untracked 
|  66|0x0000000708400000, 0x0000000708400000, 0x0000000708600000|  0%| F|  |TAMS 0x0000000708400000, 0x0000000708400000| Untracked 
|  67|0x0000000708600000, 0x0000000708600000, 0x0000000708800000|  0%| F|  |TAMS 0x0000000708600000, 0x0000000708600000| Untracked 
|  68|0x0000000708800000, 0x0000000708800000, 0x0000000708a00000|  0%| F|  |TAMS 0x0000000708800000, 0x0000000708800000| Untracked 
|  69|0x0000000708a00000, 0x0000000708a00000, 0x0000000708c00000|  0%| F|  |TAMS 0x0000000708a00000, 0x0000000708a00000| Untracked 
|  70|0x0000000708c00000, 0x0000000708c00000, 0x0000000708e00000|  0%| F|  |TAMS 0x0000000708c00000, 0x0000000708c00000| Untracked 
|  71|0x0000000708e00000, 0x0000000708e00000, 0x0000000709000000|  0%| F|  |TAMS 0x0000000708e00000, 0x0000000708e00000| Untracked 
|  72|0x0000000709000000, 0x0000000709000000, 0x0000000709200000|  0%| F|  |TAMS 0x0000000709000000, 0x0000000709000000| Untracked 
|  73|0x0000000709200000, 0x0000000709200000, 0x0000000709400000|  0%| F|  |TAMS 0x0000000709200000, 0x0000000709200000| Untracked 
|  74|0x0000000709400000, 0x0000000709400000, 0x0000000709600000|  0%| F|  |TAMS 0x0000000709400000, 0x0000000709400000| Untracked 
|  75|0x0000000709600000, 0x0000000709600000, 0x0000000709800000|  0%| F|  |TAMS 0x0000000709600000, 0x0000000709600000| Untracked 
|  76|0x0000000709800000, 0x0000000709800000, 0x0000000709a00000|  0%| F|  |TAMS 0x0000000709800000, 0x0000000709800000| Untracked 
|  77|0x0000000709a00000, 0x0000000709a00000, 0x0000000709c00000|  0%| F|  |TAMS 0x0000000709a00000, 0x0000000709a00000| Untracked 
|  78|0x0000000709c00000, 0x0000000709c00000, 0x0000000709e00000|  0%| F|  |TAMS 0x0000000709c00000, 0x0000000709c00000| Untracked 
|  79|0x0000000709e00000, 0x0000000709e00000, 0x000000070a000000|  0%| F|  |TAMS 0x0000000709e00000, 0x0000000709e00000| Untracked 
|  80|0x000000070a000000, 0x000000070a000000, 0x000000070a200000|  0%| F|  |TAMS 0x000000070a000000, 0x000000070a000000| Untracked 
|  81|0x000000070a200000, 0x000000070a200000, 0x000000070a400000|  0%| F|  |TAMS 0x000000070a200000, 0x000000070a200000| Untracked 
|  82|0x000000070a400000, 0x000000070a400000, 0x000000070a600000|  0%| F|  |TAMS 0x000000070a400000, 0x000000070a400000| Untracked 
|  83|0x000000070a600000, 0x000000070a600000, 0x000000070a800000|  0%| F|  |TAMS 0x000000070a600000, 0x000000070a600000| Untracked 
|  84|0x000000070a800000, 0x000000070a800000, 0x000000070aa00000|  0%| F|  |TAMS 0x000000070a800000, 0x000000070a800000| Untracked 
|  85|0x000000070aa00000, 0x000000070aa00000, 0x000000070ac00000|  0%| F|  |TAMS 0x000000070aa00000, 0x000000070aa00000| Untracked 
|  86|0x000000070ac00000, 0x000000070ac00000, 0x000000070ae00000|  0%| F|  |TAMS 0x000000070ac00000, 0x000000070ac00000| Untracked 
|  87|0x000000070ae00000, 0x000000070ae00000, 0x000000070b000000|  0%| F|  |TAMS 0x000000070ae00000, 0x000000070ae00000| Untracked 
|  88|0x000000070b000000, 0x000000070b000000, 0x000000070b200000|  0%| F|  |TAMS 0x000000070b000000, 0x000000070b000000| Untracked 
|  89|0x000000070b200000, 0x000000070b200000, 0x000000070b400000|  0%| F|  |TAMS 0x000000070b200000, 0x000000070b200000| Untracked 
|  90|0x000000070b400000, 0x000000070b400000, 0x000000070b600000|  0%| F|  |TAMS 0x000000070b400000, 0x000000070b400000| Untracked 
|  91|0x000000070b600000, 0x000000070b600000, 0x000000070b800000|  0%| F|  |TAMS 0x000000070b600000, 0x000000070b600000| Untracked 
|  92|0x000000070b800000, 0x000000070b800000, 0x000000070ba00000|  0%| F|  |TAMS 0x000000070b800000, 0x000000070b800000| Untracked 
|  93|0x000000070ba00000, 0x000000070ba00000, 0x000000070bc00000|  0%| F|  |TAMS 0x000000070ba00000, 0x000000070ba00000| Untracked 
|  94|0x000000070bc00000, 0x000000070bc00000, 0x000000070be00000|  0%| F|  |TAMS 0x000000070bc00000, 0x000000070bc00000| Untracked 
|  95|0x000000070be00000, 0x000000070be00000, 0x000000070c000000|  0%| F|  |TAMS 0x000000070be00000, 0x000000070be00000| Untracked 
|  96|0x000000070c000000, 0x000000070c000000, 0x000000070c200000|  0%| F|  |TAMS 0x000000070c000000, 0x000000070c000000| Untracked 
|  97|0x000000070c200000, 0x000000070c200000, 0x000000070c400000|  0%| F|  |TAMS 0x000000070c200000, 0x000000070c200000| Untracked 
|  98|0x000000070c400000, 0x000000070c400000, 0x000000070c600000|  0%| F|  |TAMS 0x000000070c400000, 0x000000070c400000| Untracked 
|  99|0x000000070c600000, 0x000000070c600000, 0x000000070c800000|  0%| F|  |TAMS 0x000000070c600000, 0x000000070c600000| Untracked 
| 100|0x000000070c800000, 0x000000070c800000, 0x000000070ca00000|  0%| F|  |TAMS 0x000000070c800000, 0x000000070c800000| Untracked 
| 101|0x000000070ca00000, 0x000000070ca00000, 0x000000070cc00000|  0%| F|  |TAMS 0x000000070ca00000, 0x000000070ca00000| Untracked 
| 102|0x000000070cc00000, 0x000000070cc00000, 0x000000070ce00000|  0%| F|  |TAMS 0x000000070cc00000, 0x000000070cc00000| Untracked 
| 103|0x000000070ce00000, 0x000000070ce00000, 0x000000070d000000|  0%| F|  |TAMS 0x000000070ce00000, 0x000000070ce00000| Untracked 
| 104|0x000000070d000000, 0x000000070d000000, 0x000000070d200000|  0%| F|  |TAMS 0x000000070d000000, 0x000000070d000000| Untracked 
| 105|0x000000070d200000, 0x000000070d200000, 0x000000070d400000|  0%| F|  |TAMS 0x000000070d200000, 0x000000070d200000| Untracked 
| 106|0x000000070d400000, 0x000000070d400000, 0x000000070d600000|  0%| F|  |TAMS 0x000000070d400000, 0x000000070d400000| Untracked 
| 107|0x000000070d600000, 0x000000070d600000, 0x000000070d800000|  0%| F|  |TAMS 0x000000070d600000, 0x000000070d600000| Untracked 
| 108|0x000000070d800000, 0x000000070d800000, 0x000000070da00000|  0%| F|  |TAMS 0x000000070d800000, 0x000000070d800000| Untracked 
| 109|0x000000070da00000, 0x000000070da00000, 0x000000070dc00000|  0%| F|  |TAMS 0x000000070da00000, 0x000000070da00000| Untracked 
| 110|0x000000070dc00000, 0x000000070dc4c810, 0x000000070de00000| 14%| S|CS|TAMS 0x000000070dc00000, 0x000000070dc00000| Complete 
| 111|0x000000070de00000, 0x000000070e000000, 0x000000070e000000|100%| S|CS|TAMS 0x000000070de00000, 0x000000070de00000| Complete 
| 112|0x000000070e000000, 0x000000070e000000, 0x000000070e200000|  0%| F|  |TAMS 0x000000070e000000, 0x000000070e000000| Untracked 
| 113|0x000000070e200000, 0x000000070e200800, 0x000000070e400000|  0%| E|  |TAMS 0x000000070e200000, 0x000000070e200000| Complete 
| 114|0x000000070e400000, 0x000000070e600000, 0x000000070e600000|100%| E|CS|TAMS 0x000000070e400000, 0x000000070e400000| Complete 
| 115|0x000000070e600000, 0x000000070e800000, 0x000000070e800000|100%| E|CS|TAMS 0x000000070e600000, 0x000000070e600000| Complete 
| 116|0x000000070e800000, 0x000000070ea00000, 0x000000070ea00000|100%| E|CS|TAMS 0x000000070e800000, 0x000000070e800000| Complete 
| 117|0x000000070ea00000, 0x000000070ec00000, 0x000000070ec00000|100%| E|CS|TAMS 0x000000070ea00000, 0x000000070ea00000| Complete 
| 118|0x000000070ec00000, 0x000000070ee00000, 0x000000070ee00000|100%| E|CS|TAMS 0x000000070ec00000, 0x000000070ec00000| Complete 
| 119|0x000000070ee00000, 0x000000070f000000, 0x000000070f000000|100%| E|CS|TAMS 0x000000070ee00000, 0x000000070ee00000| Complete 
| 120|0x000000070f000000, 0x000000070f200000, 0x000000070f200000|100%| E|CS|TAMS 0x000000070f000000, 0x000000070f000000| Complete 
| 121|0x000000070f200000, 0x000000070f400000, 0x000000070f400000|100%| E|CS|TAMS 0x000000070f200000, 0x000000070f200000| Complete 
| 122|0x000000070f400000, 0x000000070f600000, 0x000000070f600000|100%| E|CS|TAMS 0x000000070f400000, 0x000000070f400000| Complete 
| 123|0x000000070f600000, 0x000000070f800000, 0x000000070f800000|100%| E|CS|TAMS 0x000000070f600000, 0x000000070f600000| Complete 
| 124|0x000000070f800000, 0x000000070fa00000, 0x000000070fa00000|100%| E|CS|TAMS 0x000000070f800000, 0x000000070f800000| Complete 
| 125|0x000000070fa00000, 0x000000070fc00000, 0x000000070fc00000|100%| E|CS|TAMS 0x000000070fa00000, 0x000000070fa00000| Complete 
| 126|0x000000070fc00000, 0x000000070fe00000, 0x000000070fe00000|100%| E|CS|TAMS 0x000000070fc00000, 0x000000070fc00000| Complete 
| 127|0x000000070fe00000, 0x0000000710000000, 0x0000000710000000|100%| E|CS|TAMS 0x000000070fe00000, 0x000000070fe00000| Complete 
|2046|0x00000007ffc00000, 0x00000007ffd76000, 0x00000007ffe00000| 73%|OA|  |TAMS 0x00000007ffc00000, 0x00000007ffc00000| Untracked 
|2047|0x00000007ffe00000, 0x00000007ffe7f000, 0x0000000800000000| 24%|CA|  |TAMS 0x00000007ffe00000, 0x00000007ffe00000| Untracked 

Card table byte_map: [0x0000000126ff8000,0x00000001277f8000] _byte_map_base: 0x00000001237f8000

Marking Bits (Prev, Next): (CMBitMap*) 0x00007f8ca303b010, (CMBitMap*) 0x00007f8ca303b050
 Prev Bits: [0x0000000127ff8000, 0x000000012bff8000)
 Next Bits: [0x000000012bff8000, 0x000000012fff8000)

Polling page: 0x00000001004ef000

Metaspace:

Usage:
  Non-class:     14.72 MB used.
      Class:      2.22 MB used.
       Both:     16.93 MB used.

Virtual space:
  Non-class space:       16.00 MB reserved,      14.88 MB ( 93%) committed,  2 nodes.
      Class space:        1.00 GB reserved,       2.38 MB ( <1%) committed,  1 nodes.
             Both:        1.02 GB reserved,      17.25 MB (  2%) committed. 

Chunk freelists:
   Non-Class:  992.00 KB
       Class:  1.67 MB
        Both:  2.64 MB

MaxMetaspaceSize: unlimited
CompressedClassSpaceSize: 1.00 GB
Initial GC threshold: 21.00 MB
Current GC threshold: 21.00 MB
CDS: on
MetaspaceReclaimPolicy: balanced
 - commit_granule_bytes: 65536.
 - commit_granule_words: 8192.
 - virtual_space_node_default_size: 1048576.
 - enlarge_chunks_in_place: 1.
 - new_chunks_are_fully_committed: 0.
 - uncommit_free_chunks: 1.
 - use_allocation_guard: 0.
 - handle_deallocations: 1.


Internal statistics:

num_allocs_failed_limit: 0.
num_arena_births: 196.
num_arena_deaths: 0.
num_vsnodes_births: 3.
num_vsnodes_deaths: 0.
num_space_committed: 276.
num_space_uncommitted: 0.
num_chunks_returned_to_freelist: 0.
num_chunks_taken_from_freelist: 773.
num_chunk_merges: 0.
num_chunk_splits: 530.
num_chunks_enlarged: 421.
num_purges: 0.
num_inconsistent_stats: 0.

CodeHeap 'non-profiled nmethods': size=120028Kb used=1193Kb max_used=1193Kb free=118834Kb
 bounds [0x000000011f1d6000, 0x000000011f446000, 0x000000012670d000]
CodeHeap 'profiled nmethods': size=120028Kb used=5556Kb max_used=5556Kb free=114471Kb
 bounds [0x0000000117c9f000, 0x000000011820f000, 0x000000011f1d6000]
CodeHeap 'non-nmethods': size=5704Kb used=1169Kb max_used=1196Kb free=4534Kb
 bounds [0x000000011770d000, 0x000000011797d000, 0x0000000117c9f000]
 total_blobs=2848 nmethods=2382 adapters=380
 compilation: enabled
              stopped_count=0, restarted_count=0
 full_count=0

Compilation events (20 events):
Event: 4.094 Thread 0x00007f8ca3810800 nmethod 2372 0x000000011f2fe490 code [0x000000011f2fe620, 0x000000011f2fe6b8]
Event: 4.098 Thread 0x00007f8ca3810e00 2374       3       java.lang.Package::<init> (47 bytes)
Event: 4.099 Thread 0x00007f8ca3810e00 nmethod 2374 0x0000000118201810 code [0x0000000118201a00, 0x0000000118201e60]
Event: 4.099 Thread 0x00007f8ca3810e00 2375       3       java.lang.Package$VersionInfo::getInstance (53 bytes)
Event: 4.099 Thread 0x00007f8ca3810e00 nmethod 2375 0x0000000118202190 code [0x0000000118202360, 0x0000000118202720]
Event: 4.100 Thread 0x00007f8ca3810800 2376   !   4       java.util.WeakHashMap::expungeStaleEntries (139 bytes)
Event: 4.103 Thread 0x00007f8ca3810e00 2377       3       java.util.HashMap::remove (26 bytes)
Event: 4.103 Thread 0x00007f8ca3810e00 nmethod 2377 0x0000000118202990 code [0x0000000118202b60, 0x0000000118202ed0]
Event: 4.104 Thread 0x00007f8ca3810800 nmethod 2376 0x000000011f2fe790 code [0x000000011f2fe920, 0x000000011f2fef08]
Event: 4.109 Thread 0x00007f8ca3810800 2378       4       java.lang.ref.Cleaner$1::apply (9 bytes)
Event: 4.109 Thread 0x00007f8ca3810e00 2379       3       java.util.zip.ZipEntry::setExtra0 (493 bytes)
Event: 4.110 Thread 0x00007f8ca3810800 nmethod 2378 0x000000011f2ff490 code [0x000000011f2ff620, 0x000000011f2ff6d8]
Event: 4.111 Thread 0x00007f8ca3810e00 nmethod 2379 0x0000000118203110 code [0x00000001182034c0, 0x0000000118205150]
Event: 4.117 Thread 0x00007f8ca3810800 2380       4       java.util.LinkedHashMap::get (29 bytes)
Event: 4.120 Thread 0x00007f8ca3810e00 2381       3       java.lang.invoke.MethodHandles$Lookup::findConstructor (61 bytes)
Event: 4.121 Thread 0x00007f8ca3810800 nmethod 2380 0x000000011f2ff810 code [0x000000011f2ff9c0, 0x000000011f2ffea8]
Event: 4.121 Thread 0x00007f8ca3810e00 nmethod 2381 0x0000000118206490 code [0x0000000118206700, 0x0000000118206f10]
Event: 4.123 Thread 0x00007f8ca3810e00 2382   !   3       jdk.internal.reflect.ReflectionFactory::checkInitted (100 bytes)
Event: 4.124 Thread 0x00007f8ca3810e00 nmethod 2382 0x0000000118207510 code [0x0000000118207820, 0x0000000118208860]
Event: 4.125 Thread 0x00007f8ca3810e00 2383   !   3       java.util.concurrent.ConcurrentHashMap::putVal (432 bytes)

GC Heap History (4 events):
Event: 2.481 GC heap before
{Heap before GC invocations=0 (full 0):
 garbage-first heap   total 266240K, used 24532K [0x0000000700000000, 0x0000000800000000)
  region size 2048K, 11 young (22528K), 0 survivors (0K)
 Metaspace       used 4541K, committed 4736K, reserved 1056768K
  class space    used 596K, committed 704K, reserved 1048576K
}
Event: 2.506 GC heap after
{Heap after GC invocations=1 (full 0):
 garbage-first heap   total 266240K, used 8245K [0x0000000700000000, 0x0000000800000000)
  region size 2048K, 2 young (4096K), 2 survivors (4096K)
 Metaspace       used 4541K, committed 4736K, reserved 1056768K
  class space    used 596K, committed 704K, reserved 1048576K
}
Event: 3.539 GC heap before
{Heap before GC invocations=1 (full 0):
 garbage-first heap   total 266240K, used 36917K [0x0000000700000000, 0x0000000800000000)
  region size 2048K, 16 young (32768K), 2 survivors (4096K)
 Metaspace       used 10491K, committed 10688K, reserved 1064960K
  class space    used 1385K, committed 1472K, reserved 1048576K
}
Event: 3.549 GC heap after
{Heap after GC invocations=2 (full 0):
 garbage-first heap   total 266240K, used 10689K [0x0000000700000000, 0x0000000800000000)
  region size 2048K, 2 young (4096K), 2 survivors (4096K)
 Metaspace       used 10491K, committed 10688K, reserved 1064960K
  class space    used 1385K, committed 1472K, reserved 1048576K
}

Deoptimization events (20 events):
Event: 4.035 Thread 0x00007f8ca480d000 Uncommon trap: trap_request=0xffffffde fr.pc=0x000000011f2f5828 relative=0x0000000000000108
Event: 4.035 Thread 0x00007f8ca480d000 Uncommon trap: reason=class_check action=maybe_recompile pc=0x000000011f2f5828 method=jdk.internal.misc.Unsafe.allocateUninitializedArray(Ljava/lang/Class;I)Ljava/lang/Object; @ 51 c2
Event: 4.035 Thread 0x00007f8ca480d000 DEOPT PACKING pc=0x000000011f2f5828 sp=0x00000003050035d0
Event: 4.035 Thread 0x00007f8ca480d000 DEOPT UNPACKING pc=0x000000011775f093 sp=0x0000000305003578 mode 2
Event: 4.037 Thread 0x00007f8ca480d000 Uncommon trap: trap_request=0xffffffde fr.pc=0x000000011f2f5828 relative=0x0000000000000108
Event: 4.037 Thread 0x00007f8ca480d000 Uncommon trap: reason=class_check action=maybe_recompile pc=0x000000011f2f5828 method=jdk.internal.misc.Unsafe.allocateUninitializedArray(Ljava/lang/Class;I)Ljava/lang/Object; @ 51 c2
Event: 4.037 Thread 0x00007f8ca480d000 DEOPT PACKING pc=0x000000011f2f5828 sp=0x00000003050031d0
Event: 4.037 Thread 0x00007f8ca480d000 DEOPT UNPACKING pc=0x000000011775f093 sp=0x0000000305003178 mode 2
Event: 4.039 Thread 0x00007f8ca480d000 Uncommon trap: trap_request=0xffffffde fr.pc=0x000000011f2f5828 relative=0x0000000000000108
Event: 4.039 Thread 0x00007f8ca480d000 Uncommon trap: reason=class_check action=maybe_recompile pc=0x000000011f2f5828 method=jdk.internal.misc.Unsafe.allocateUninitializedArray(Ljava/lang/Class;I)Ljava/lang/Object; @ 51 c2
Event: 4.039 Thread 0x00007f8ca480d000 DEOPT PACKING pc=0x000000011f2f5828 sp=0x00000003050035d0
Event: 4.039 Thread 0x00007f8ca480d000 DEOPT UNPACKING pc=0x000000011775f093 sp=0x0000000305003578 mode 2
Event: 4.040 Thread 0x00007f8ca480d000 Uncommon trap: trap_request=0xffffffde fr.pc=0x000000011f2f5828 relative=0x0000000000000108
Event: 4.040 Thread 0x00007f8ca480d000 Uncommon trap: reason=class_check action=maybe_recompile pc=0x000000011f2f5828 method=jdk.internal.misc.Unsafe.allocateUninitializedArray(Ljava/lang/Class;I)Ljava/lang/Object; @ 51 c2
Event: 4.040 Thread 0x00007f8ca480d000 DEOPT PACKING pc=0x000000011f2f5828 sp=0x00000003050031d0
Event: 4.040 Thread 0x00007f8ca480d000 DEOPT UNPACKING pc=0x000000011775f093 sp=0x0000000305003178 mode 2
Event: 4.121 Thread 0x00007f8ca480d000 Uncommon trap: trap_request=0xffffff45 fr.pc=0x000000011f2968a0 relative=0x0000000000001000
Event: 4.121 Thread 0x00007f8ca480d000 Uncommon trap: reason=unstable_if action=reinterpret pc=0x000000011f2968a0 method=java.util.concurrent.ConcurrentHashMap.putVal(Ljava/lang/Object;Ljava/lang/Object;Z)Ljava/lang/Object; @ 231 c2
Event: 4.121 Thread 0x00007f8ca480d000 DEOPT PACKING pc=0x000000011f2968a0 sp=0x0000000305003ca0
Event: 4.121 Thread 0x00007f8ca480d000 DEOPT UNPACKING pc=0x000000011775f093 sp=0x0000000305003c30 mode 2

Classes unloaded (0 events):
No events

Classes redefined (0 events):
No events

Internal exceptions (20 events):
Event: 2.959 Thread 0x00007f8ca480d000 Exception <a 'java/lang/NoSuchMethodError'{0x000000070f99ac58}: 'org.slf4j.impl.StaticMDCBinder org.slf4j.impl.StaticMDCBinder.getSingleton()'> (0x000000070f99ac58) 
thrown [open/src/hotspot/share/interpreter/linkResolver.cpp, line 766]
Event: 2.971 Thread 0x00007f8ca480d000 Exception <a 'java/lang/IncompatibleClassChangeError'{0x000000070f60d410}: Found class java.lang.Object, but interface was expected> (0x000000070f60d410) 
thrown [open/src/hotspot/share/interpreter/linkResolver.cpp, line 833]
Event: 3.027 Thread 0x00007f8ca480d000 Exception <a 'java/lang/NoSuchMethodError'{0x000000070f7a8d00}: 'int java.lang.invoke.DirectMethodHandle$Holder.invokeInterface(java.lang.Object, java.lang.Object)'> (0x000000070f7a8d00) 
thrown [open/src/hotspot/share/interpreter/linkResolver.cpp, line 766]
Event: 3.255 Thread 0x00007f8ca480d000 Exception <a 'java/lang/NoSuchMethodError'{0x000000070f12e930}: 'void java.lang.invoke.DirectMethodHandle$Holder.invokeVirtual(java.lang.Object, java.lang.Object, java.lang.Object, java.lang.Object)'> (0x000000070f12e930) 
thrown [open/src/hotspot/share/interpreter/linkResolver.cpp, line 766]
Event: 3.403 Thread 0x00007f8ca480d000 Exception <a 'java/lang/NoSuchMethodError'{0x000000070e59c188}: 'int java.lang.invoke.DirectMethodHandle$Holder.invokeVirtual(java.lang.Object, java.lang.Object, java.lang.Object)'> (0x000000070e59c188) 
thrown [open/src/hotspot/share/interpreter/linkResolver.cpp, line 766]
Event: 3.487 Thread 0x00007f8ca480d000 Exception <a 'java/lang/IncompatibleClassChangeError'{0x000000070e08e1c8}: Found class java.lang.Object, but interface was expected> (0x000000070e08e1c8) 
thrown [open/src/hotspot/share/interpreter/linkResolver.cpp, line 833]
Event: 3.503 Thread 0x00007f8ca480d000 Exception <a 'java/lang/NoSuchMethodError'{0x000000070e1315d8}: 'int java.lang.invoke.DirectMethodHandle$Holder.invokeSpecial(java.lang.Object, java.lang.Object, java.lang.Object, java.lang.Object)'> (0x000000070e1315d8) 
thrown [open/src/hotspot/share/interpreter/linkResolver.cpp, line 766]
Event: 3.530 Thread 0x00007f8ca480d000 Exception <a 'java/lang/NoSuchMethodError'{0x000000070e1dc920}: 'void java.lang.invoke.DirectMethodHandle$Holder.invokeStatic(java.lang.Object, java.lang.Object, java.lang.Object, java.lang.Object, java.lang.Object, java.lang.Object)'> (0x000000070e1dc920) 
thrown [open/src/hotspot/share/interpreter/linkResolver.cpp, line 766]
Event: 3.578 Thread 0x00007f8ca480d000 Exception <a 'java/lang/NoSuchMethodError'{0x000000070fe522e8}: 'java.lang.Object java.lang.invoke.DirectMethodHandle$Holder.invokeSpecial(java.lang.Object, java.lang.Object, java.lang.Object, java.lang.Object, java.lang.Object, java.lang.Object, int)'> (0x000000070fe522e8) 
thrown [open/src/hotspot/share/interpreter/linkResolver.cpp, line 766]
Event: 3.580 Thread 0x00007f8ca480d000 Exception <a 'java/lang/NoSuchMethodError'{0x000000070fe5cd98}: 'java.lang.Object java.lang.invoke.DirectMethodHandle$Holder.newInvokeSpecial(java.lang.Object, java.lang.Object, java.lang.Object, java.lang.Object, java.lang.Object, java.lang.Object, int)'> (0x000000070fe5cd98) 
thrown [open/src/hotspot/share/interpreter/linkResolver.cpp, line 766]
Event: 3.581 Thread 0x00007f8ca480d000 Exception <a 'java/lang/NoSuchMethodError'{0x000000070fe62328}: 'java.lang.Object java.lang.invoke.DirectMethodHandle$Holder.invokeSpecial(java.lang.Object, java.lang.Object, java.lang.Object, java.lang.Object, java.lang.Object, java.lang.Object, java.lang.Object, int)'> (0x000000070fe62328) 
thrown [open/src/hotspot/share/interpreter/linkResolver.cpp, line 766]
Event: 3.661 Thread 0x00007f8ca480d000 Implicit null exception at 0x000000011f24360f to 0x000000011f2439ec
Event: 3.661 Thread 0x00007f8ca480d000 Implicit null exception at 0x000000011f23150f to 0x000000011f2318f8
Event: 3.723 Thread 0x00007f8ca480d000 Exception <a 'java/lang/NoSuchMethodError'{0x000000070fb345a8}: 'java.lang.Object java.lang.invoke.DirectMethodHandle$Holder.invokeSpecial(java.lang.Object, java.lang.Object, java.lang.Object, int, java.lang.Object)'> (0x000000070fb345a8) 
thrown [open/src/hotspot/share/interpreter/linkResolver.cpp, line 766]
Event: 3.724 Thread 0x00007f8ca480d000 Exception <a 'java/lang/NoSuchMethodError'{0x000000070fb3d160}: 'java.lang.Object java.lang.invoke.DirectMethodHandle$Holder.newInvokeSpecial(java.lang.Object, java.lang.Object, java.lang.Object, int, java.lang.Object)'> (0x000000070fb3d160) 
thrown [open/src/hotspot/share/interpreter/linkResolver.cpp, line 766]
Event: 3.725 Thread 0x00007f8ca480d000 Exception <a 'java/lang/NoSuchMethodError'{0x000000070fb45080}: 'java.lang.Object java.lang.invoke.Invokers$Holder.linkToTargetMethod(java.lang.Object, java.lang.Object, int, java.lang.Object, java.lang.Object)'> (0x000000070fb45080) 
thrown [open/src/hotspot/share/interpreter/linkResolver.cpp, line 766]
Event: 3.727 Thread 0x00007f8ca480d000 Exception <a 'java/lang/NoSuchMethodError'{0x000000070fb558b0}: 'java.lang.Object java.lang.invoke.DirectMethodHandle$Holder.newInvokeSpecial(java.lang.Object, int, java.lang.Object)'> (0x000000070fb558b0) 
thrown [open/src/hotspot/share/interpreter/linkResolver.cpp, line 766]
Event: 3.834 Thread 0x00007f8ca480d000 Exception <a 'java/lang/NoSuchMethodError'{0x000000070f954b68}: 'void java.lang.invoke.DirectMethodHandle$Holder.invokeStaticInit(java.lang.Object, java.lang.Object)'> (0x000000070f954b68) 
thrown [open/src/hotspot/share/interpreter/linkResolver.cpp, line 766]
Event: 3.928 Thread 0x00007f8ca4d44400 Exception <a 'java/lang/NoClassDefFoundError'{0x000000070f418400}: javax/validation/Validation> (0x000000070f418400) 
thrown [open/src/hotspot/share/classfile/systemDictionary.cpp, line 245]
Event: 3.968 Thread 0x00007f8ca4d44400 Exception <a 'java/lang/NoSuchMethodError'{0x000000070f5cadf8}: 'java.lang.Object java.lang.invoke.DirectMethodHandle$Holder.invokeStaticInit(java.lang.Object, java.lang.Object, java.lang.Object, java.lang.Object, java.lang.Object)'> (0x000000070f5cadf8) 
thrown [open/src/hotspot/share/interpreter/linkResolver.cpp, line 766]

VM Operations (20 events):
Event: 2.970 Executing VM operation: HandshakeAllThreads
Event: 2.970 Executing VM operation: HandshakeAllThreads done
Event: 3.031 Executing VM operation: HandshakeAllThreads
Event: 3.031 Executing VM operation: HandshakeAllThreads done
Event: 3.088 Executing VM operation: HandshakeAllThreads
Event: 3.088 Executing VM operation: HandshakeAllThreads done
Event: 3.455 Executing VM operation: ICBufferFull
Event: 3.457 Executing VM operation: ICBufferFull done
Event: 3.492 Executing VM operation: HandshakeAllThreads
Event: 3.492 Executing VM operation: HandshakeAllThreads done
Event: 3.539 Executing VM operation: G1CollectForAllocation
Event: 3.549 Executing VM operation: G1CollectForAllocation done
Event: 3.692 Executing VM operation: HandshakeAllThreads
Event: 3.692 Executing VM operation: HandshakeAllThreads done
Event: 3.932 Executing VM operation: ICBufferFull
Event: 3.933 Executing VM operation: ICBufferFull done
Event: 3.937 Executing VM operation: HandshakeAllThreads
Event: 3.937 Executing VM operation: HandshakeAllThreads done
Event: 4.115 Executing VM operation: HandshakeAllThreads
Event: 4.115 Executing VM operation: HandshakeAllThreads done

Events (20 events):
Event: 4.052 loading class org/xml/sax/SAXParseException
Event: 4.053 loading class org/xml/sax/SAXParseException done
Event: 4.054 loading class sun/text/resources/cldr/FormatData_en
Event: 4.054 loading class sun/text/resources/cldr/FormatData_en done
Event: 4.054 loading class sun/text/resources/cldr/FormatData_en_US
Event: 4.054 loading class sun/text/resources/cldr/FormatData_en_US done
Event: 4.058 loading class java/io/CharConversionException
Event: 4.058 loading class java/io/CharConversionException done
Event: 4.060 loading class java/io/CharArrayReader
Event: 4.060 loading class java/io/CharArrayReader done
Event: 4.074 loading class java/util/concurrent/atomic/AtomicReference
Event: 4.074 loading class java/util/concurrent/atomic/AtomicReference done
Event: 4.089 loading class java/beans/Introspector
Event: 4.089 loading class java/beans/Introspector done
Event: 4.089 loading class java/beans/EventSetDescriptor
Event: 4.089 loading class java/beans/EventSetDescriptor done
Event: 4.089 loading class java/beans/Introspector$1
Event: 4.089 loading class jdk/internal/access/JavaBeansAccess
Event: 4.089 loading class jdk/internal/access/JavaBeansAccess done
Event: 4.089 loading class java/beans/Introspector$1 done


Dynamic libraries:
0x00007ffdffd4d000 	/usr/libexec/rosetta/runtime
0x00000001084f5000 	/Library/Apple/usr/libexec/oah/libRosettaRuntime
0x00007fff2a5ef000 	/usr/lib/libz.1.dylib
0x00000001089f0000 	/Library/Java/JavaVirtualMachines/jdk-17.0.1.jdk/Contents/Home/lib/libjli.dylib
0x00007fff35181000 	/System/Library/Frameworks/Cocoa.framework/Versions/A/Cocoa
0x00007fff22123000 	/System/Library/Frameworks/Security.framework/Versions/A/Security
0x00007fff33389000 	/System/Library/Frameworks/ApplicationServices.framework/Versions/A/ApplicationServices
0x00007fff2a6bb000 	/usr/lib/libSystem.B.dylib
0x00007fff2a6b5000 	/usr/lib/system/libcache.dylib
0x00007fff2a671000 	/usr/lib/system/libcommonCrypto.dylib
0x00007fff2a69b000 	/usr/lib/system/libcompiler_rt.dylib
0x00007fff2a690000 	/usr/lib/system/libcopyfile.dylib
0x00007fff200f2000 	/usr/lib/system/libcorecrypto.dylib
0x00007fff201bd000 	/usr/lib/system/libdispatch.dylib
0x00007fff20370000 	/usr/lib/system/libdyld.dylib
0x00007fff2a6ac000 	/usr/lib/system/libkeymgr.dylib
0x00007fff2dc19000 	/usr/lib/system/liblaunch.dylib
0x00007fff2a64f000 	/usr/lib/system/libmacho.dylib
0x00007fff29e43000 	/usr/lib/system/libquarantine.dylib
0x00007fff2a6a9000 	/usr/lib/system/libremovefile.dylib
0x00007fff24aff000 	/usr/lib/system/libsystem_asl.dylib
0x00007fff200a2000 	/usr/lib/system/libsystem_blocks.dylib
0x00007fff2023f000 	/usr/lib/system/libsystem_c.dylib
0x00007fff2a6a3000 	/usr/lib/system/libsystem_collections.dylib
0x00007fff2923b000 	/usr/lib/system/libsystem_configuration.dylib
0x00007fff28523000 	/usr/lib/system/libsystem_containermanager.dylib
0x00007fff2a3ee000 	/usr/lib/system/libsystem_coreservices.dylib
0x00007fff226db000 	/usr/lib/system/libsystem_darwin.dylib
0x00007fff2a6ad000 	/usr/lib/system/libsystem_dnssd.dylib
0x00007fff2023c000 	/usr/lib/system/libsystem_featureflags.dylib
0x00007fff203b6000 	/usr/lib/system/libsystem_info.dylib
0x00007fff2a602000 	/usr/lib/system/libsystem_m.dylib
0x00007fff20190000 	/usr/lib/system/libsystem_malloc.dylib
0x00007fff24a92000 	/usr/lib/system/libsystem_networkextension.dylib
0x00007fff22afa000 	/usr/lib/system/libsystem_notify.dylib
0x00007fff300b0000 	/usr/lib/system/libsystem_product_info_filter.dylib
0x00007fff2923f000 	/usr/lib/system/libsystem_sandbox.dylib
0x00007fff2a6a6000 	/usr/lib/system/libsystem_secinit.dylib
0x00007fff20334000 	/usr/lib/system/libsystem_kernel.dylib
0x00007fff203ac000 	/usr/lib/system/libsystem_platform.dylib
0x00007fff20364000 	/usr/lib/system/libsystem_pthread.dylib
0x00007fff26210000 	/usr/lib/system/libsystem_symptoms.dylib
0x00007fff200da000 	/usr/lib/system/libsystem_trace.dylib
0x00007fff2a67d000 	/usr/lib/system/libunwind.dylib
0x00007fff200a4000 	/usr/lib/system/libxpc.dylib
0x00007fff2031e000 	/usr/lib/libc++abi.dylib
0x00007fff20202000 	/usr/lib/libobjc.A.dylib
0x00007fff2a688000 	/usr/lib/liboah.dylib
0x00007fff202c8000 	/usr/lib/libc++.1.dylib
0x00007fff203e2000 	/System/Library/Frameworks/CoreFoundation.framework/Versions/A/CoreFoundation
0x00007fff210bb000 	/System/Library/Frameworks/Foundation.framework/Versions/C/Foundation
0x00007fff22b54000 	/System/Library/Frameworks/AppKit.framework/Versions/C/AppKit
0x00007fff25a40000 	/System/Library/Frameworks/CoreData.framework/Versions/A/CoreData
0x00007fff238a0000 	/System/Library/PrivateFrameworks/UIFoundation.framework/Versions/A/UIFoundation
0x00007fff2fe43000 	/System/Library/PrivateFrameworks/RemoteViewServices.framework/Versions/A/RemoteViewServices
0x00007fff28be9000 	/System/Library/PrivateFrameworks/XCTTargetBootstrap.framework/Versions/A/XCTTargetBootstrap
0x00007fff2b93b000 	/usr/lib/libspindump.dylib
0x00007fff23aef000 	/System/Library/Frameworks/UniformTypeIdentifiers.framework/Versions/A/UniformTypeIdentifiers
0x00007fff273ed000 	/usr/lib/libapp_launch_measurement.dylib
0x00007fff273f0000 	/System/Library/PrivateFrameworks/CoreAutoLayout.framework/Versions/A/CoreAutoLayout
0x00007fff28550000 	/System/Library/Frameworks/Metal.framework/Versions/A/Metal
0x00007fff2924a000 	/usr/lib/liblangid.dylib
0x00007fff28bed000 	/System/Library/PrivateFrameworks/CoreSVG.framework/Versions/A/CoreSVG
0x00007fff24b2f000 	/System/Library/PrivateFrameworks/SkyLight.framework/Versions/A/SkyLight
0x00007fff24e95000 	/System/Library/Frameworks/CoreGraphics.framework/Versions/A/CoreGraphics
0x00007fff3036a000 	/System/Library/Frameworks/Accelerate.framework/Versions/A/Accelerate
0x00007fff2b379000 	/System/Library/PrivateFrameworks/IconServices.framework/Versions/A/IconServices
0x00007fff28534000 	/System/Library/Frameworks/IOSurface.framework/Versions/A/IOSurface
0x00007fff263d4000 	/usr/lib/libDiagnosticMessagesClient.dylib
0x00007fff28bd5000 	/System/Library/PrivateFrameworks/DFRFoundation.framework/Versions/A/DFRFoundation
0x00007fff2247b000 	/usr/lib/libicucore.A.dylib
0x00007fff2ce82000 	/System/Library/Frameworks/AudioToolbox.framework/Versions/A/AudioToolbox
0x00007fff2c10a000 	/System/Library/PrivateFrameworks/DataDetectorsCore.framework/Versions/A/DataDetectorsCore
0x00007fff24aa2000 	/usr/lib/libMobileGestalt.dylib
0x00007fff288d9000 	/System/Library/Frameworks/Carbon.framework/Versions/A/Frameworks/HIToolbox.framework/Versions/A/HIToolbox
0x00007fff26e32000 	/System/Library/Frameworks/QuartzCore.framework/Versions/A/QuartzCore
0x00007fff2fe7b000 	/System/Library/Frameworks/Carbon.framework/Versions/A/Frameworks/SpeechRecognition.framework/Versions/A/SpeechRecognition
0x00007fff27152000 	/System/Library/PrivateFrameworks/CoreUI.framework/Versions/A/CoreUI
0x00007fff21a91000 	/System/Library/Frameworks/CoreAudio.framework/Versions/A/CoreAudio
0x00007fff264bf000 	/System/Library/Frameworks/DiskArbitration.framework/Versions/A/DiskArbitration
0x00007fff2bd08000 	/System/Library/PrivateFrameworks/MultitouchSupport.framework/Versions/A/MultitouchSupport
0x00007fff2c101000 	/System/Library/PrivateFrameworks/InternationalSupport.framework/Versions/A/InternationalSupport
0x00007fff24aa1000 	/usr/lib/libenergytrace.dylib
0x00007fff22a4b000 	/System/Library/Frameworks/IOKit.framework/Versions/A/IOKit
0x00007fff301ae000 	/System/Library/Frameworks/CoreServices.framework/Versions/A/CoreServices
0x00007fff2737f000 	/System/Library/PrivateFrameworks/PerformanceAnalysis.framework/Versions/A/PerformanceAnalysis
0x00007fff6bd27000 	/System/Library/Frameworks/OpenGL.framework/Versions/A/OpenGL
0x00007fff2c185000 	/System/Library/PrivateFrameworks/UserActivity.framework/Versions/A/UserActivity
0x00007fff25547000 	/System/Library/Frameworks/ColorSync.framework/Versions/A/ColorSync
0x00007fff28e58000 	/System/Library/Frameworks/CoreImage.framework/Versions/A/CoreImage
0x00007fff218ab000 	/System/Library/Frameworks/CoreText.framework/Versions/A/CoreText
0x00007fff28c17000 	/System/Library/Frameworks/ImageIO.framework/Versions/A/ImageIO
0x00007fff2a6c1000 	/System/Library/PrivateFrameworks/SoftLinking.framework/Versions/A/SoftLinking
0x00007fff27438000 	/usr/lib/libxml2.2.dylib
0x00007fff2a92e000 	/usr/lib/libcompression.dylib
0x00007fff2c033000 	/System/Library/PrivateFrameworks/TextureIO.framework/Versions/A/TextureIO
0x00007fff2b01e000 	/usr/lib/libate.dylib
0x00007fff2ad4a000 	/usr/lib/liblzma.5.dylib
0x00007fff20dcf000 	/System/Library/Frameworks/SystemConfiguration.framework/Versions/A/SystemConfiguration
0x00007fff2a6bd000 	/usr/lib/libfakelink.dylib
0x00007fff245f3000 	/System/Library/Frameworks/CFNetwork.framework/Versions/A/CFNetwork
0x00007fff2a7fd000 	/usr/lib/libarchive.2.dylib
0x00007fff20e4d000 	/usr/lib/libCRFSuite.dylib
0x00007fff29e6a000 	/usr/lib/libbsm.0.dylib
0x00007fff23f6c000 	/usr/lib/libnetwork.dylib
0x00007fff2a6c2000 	/usr/lib/libpcap.A.dylib
0x00007fff26209000 	/usr/lib/libdns_services.dylib
0x00007fff2ad63000 	/usr/lib/libcoretls_cfhelpers.dylib
0x00007fff2a8fc000 	/usr/lib/libapple_nghttp2.dylib
0x00007fff2a655000 	/usr/lib/system/libkxld.dylib
0x00007fff25e87000 	/usr/lib/libsqlite3.dylib
0x00007fff2a3d1000 	/System/Library/PrivateFrameworks/AppleFSCompression.framework/Versions/A/AppleFSCompression
0x00007fff29e52000 	/usr/lib/libcoretls.dylib
0x00007fff2a929000 	/usr/lib/libpam.2.dylib
0x00007fff2ae61000 	/usr/lib/libxar.1.dylib
0x00007fff29246000 	/System/Library/PrivateFrameworks/AppleSystemInfo.framework/Versions/A/AppleSystemInfo
0x00007fff29a94000 	/System/Library/PrivateFrameworks/IOMobileFramebuffer.framework/Versions/A/IOMobileFramebuffer
0x00007fff2a3e1000 	/usr/lib/libbz2.1.0.dylib
0x00007fff2a6fa000 	/usr/lib/libiconv.2.dylib
0x00007fff2a64e000 	/usr/lib/libcharset.1.dylib
0x00007fff273bb000 	/System/Library/Frameworks/CoreServices.framework/Versions/A/Frameworks/FSEvents.framework/Versions/A/FSEvents
0x00007fff226e5000 	/System/Library/Frameworks/CoreServices.framework/Versions/A/Frameworks/CarbonCore.framework/Versions/A/CarbonCore
0x00007fff26424000 	/System/Library/Frameworks/CoreServices.framework/Versions/A/Frameworks/Metadata.framework/Versions/A/Metadata
0x00007fff2a3f3000 	/System/Library/Frameworks/CoreServices.framework/Versions/A/Frameworks/OSServices.framework/Versions/A/OSServices
0x00007fff2a86f000 	/System/Library/Frameworks/CoreServices.framework/Versions/A/Frameworks/SearchKit.framework/Versions/A/SearchKit
0x00007fff26194000 	/System/Library/Frameworks/CoreServices.framework/Versions/A/Frameworks/AE.framework/Versions/A/AE
0x00007fff20880000 	/System/Library/Frameworks/CoreServices.framework/Versions/A/Frameworks/LaunchServices.framework/Versions/A/LaunchServices
0x00007fff2acfa000 	/System/Library/Frameworks/CoreServices.framework/Versions/A/Frameworks/DictionaryServices.framework/Versions/A/DictionaryServices
0x00007fff273c8000 	/System/Library/Frameworks/CoreServices.framework/Versions/A/Frameworks/SharedFileList.framework/Versions/A/SharedFileList
0x00007fff29e46000 	/usr/lib/libCheckFix.dylib
0x00007fff24b16000 	/System/Library/PrivateFrameworks/TCC.framework/Versions/A/TCC
0x00007fff2924c000 	/System/Library/PrivateFrameworks/CoreNLP.framework/Versions/A/CoreNLP
0x00007fff263d7000 	/System/Library/PrivateFrameworks/MetadataUtilities.framework/Versions/A/MetadataUtilities
0x00007fff20e82000 	/usr/lib/libmecabra.dylib
0x00007fff2a150000 	/System/Library/Frameworks/MLCompute.framework/Versions/A/MLCompute
0x00007fff29e7b000 	/usr/lib/libmecab.dylib
0x00007fff29ec5000 	/usr/lib/libgermantok.dylib
0x00007fff2a8d7000 	/usr/lib/libThaiTokenizer.dylib
0x00007fff2ae9c000 	/usr/lib/libChineseTokenizer.dylib
0x00007fff2a927000 	/System/Library/Frameworks/MetalPerformanceShaders.framework/Versions/A/MetalPerformanceShaders
0x00007fff264c6000 	/System/Library/Frameworks/Accelerate.framework/Versions/A/Frameworks/vImage.framework/Versions/A/vImage
0x00007fff30188000 	/System/Library/Frameworks/Accelerate.framework/Versions/A/Frameworks/vecLib.framework/Versions/A/vecLib
0x00007fff2aea7000 	/System/Library/Frameworks/Accelerate.framework/Versions/A/Frameworks/vecLib.framework/Versions/A/libvMisc.dylib
0x00007fff298f4000 	/System/Library/Frameworks/Accelerate.framework/Versions/A/Frameworks/vecLib.framework/Versions/A/libvDSP.dylib
0x00007fff20b8b000 	/System/Library/Frameworks/Accelerate.framework/Versions/A/Frameworks/vecLib.framework/Versions/A/libBLAS.dylib
0x00007fff2a955000 	/System/Library/Frameworks/Accelerate.framework/Versions/A/Frameworks/vecLib.framework/Versions/A/libLAPACK.dylib
0x00007fff29ecb000 	/System/Library/Frameworks/Accelerate.framework/Versions/A/Frameworks/vecLib.framework/Versions/A/libLinearAlgebra.dylib
0x00007fff2a914000 	/System/Library/Frameworks/Accelerate.framework/Versions/A/Frameworks/vecLib.framework/Versions/A/libSparseBLAS.dylib
0x00007fff2a94f000 	/System/Library/Frameworks/Accelerate.framework/Versions/A/Frameworks/vecLib.framework/Versions/A/libQuadrature.dylib
0x00007fff292f8000 	/System/Library/Frameworks/Accelerate.framework/Versions/A/Frameworks/vecLib.framework/Versions/A/libBNNS.dylib
0x00007fff20d60000 	/System/Library/Frameworks/Accelerate.framework/Versions/A/Frameworks/vecLib.framework/Versions/A/libSparse.dylib
0x00007fff291d4000 	/System/Library/Frameworks/MetalPerformanceShaders.framework/Versions/A/Frameworks/MPSCore.framework/Versions/A/MPSCore
0x00007fff2a340000 	/System/Library/Frameworks/MetalPerformanceShaders.framework/Versions/A/Frameworks/MPSImage.framework/Versions/A/MPSImage
0x00007fff29ee1000 	/System/Library/Frameworks/MetalPerformanceShaders.framework/Versions/A/Frameworks/MPSNeuralNetwork.framework/Versions/A/MPSNeuralNetwork
0x00007fff2a2b2000 	/System/Library/Frameworks/MetalPerformanceShaders.framework/Versions/A/Frameworks/MPSMatrix.framework/Versions/A/MPSMatrix
0x00007fff2a100000 	/System/Library/Frameworks/MetalPerformanceShaders.framework/Versions/A/Frameworks/MPSRayIntersector.framework/Versions/A/MPSRayIntersector
0x00007fff2a2e9000 	/System/Library/Frameworks/MetalPerformanceShaders.framework/Versions/A/Frameworks/MPSNDArray.framework/Versions/A/MPSNDArray
0x00007fff20ab6000 	/System/Library/PrivateFrameworks/MetalTools.framework/Versions/A/MetalTools
0x00007fff29244000 	/System/Library/PrivateFrameworks/AggregateDictionary.framework/Versions/A/AggregateDictionary
0x00007fff263a4000 	/System/Library/PrivateFrameworks/CoreAnalytics.framework/Versions/A/CoreAnalytics
0x00007fff2a8d9000 	/System/Library/PrivateFrameworks/AppleSauce.framework/Versions/A/AppleSauce
0x00007fff28546000 	/System/Library/PrivateFrameworks/IOAccelerator.framework/Versions/A/IOAccelerator
0x00007fff6bd1b000 	/System/Library/Frameworks/OpenGL.framework/Versions/A/Libraries/libCoreFSCache.dylib
0x00007fff2141a000 	/System/Library/PrivateFrameworks/LanguageModeling.framework/Versions/A/LanguageModeling
0x00007fff29a82000 	/System/Library/PrivateFrameworks/CoreEmoji.framework/Versions/A/CoreEmoji
0x00007fff292f1000 	/System/Library/PrivateFrameworks/LinguisticData.framework/Versions/A/LinguisticData
0x00007fff20d12000 	/System/Library/PrivateFrameworks/Lexicon.framework/Versions/A/Lexicon
0x00007fff2a7eb000 	/usr/lib/libcmph.dylib
0x00007fff2739b000 	/System/Library/Frameworks/OpenDirectory.framework/Versions/A/Frameworks/CFOpenDirectory.framework/Versions/A/CFOpenDirectory
0x00007fff2738b000 	/System/Library/Frameworks/OpenDirectory.framework/Versions/A/OpenDirectory
0x00007fff2ad65000 	/System/Library/PrivateFrameworks/APFS.framework/Versions/A/APFS
0x00007fff29da8000 	/System/Library/Frameworks/SecurityFoundation.framework/Versions/A/SecurityFoundation
0x00007fff2ae6f000 	/usr/lib/libutil.dylib
0x00007fff22a10000 	/System/Library/PrivateFrameworks/CoreServicesStore.framework/Versions/A/CoreServicesStore
0x00007fff29e3e000 	/System/Library/Frameworks/ServiceManagement.framework/Versions/A/ServiceManagement
0x00007fff2ae73000 	/usr/lib/libxslt.1.dylib
0x00007fff29e34000 	/System/Library/PrivateFrameworks/BackgroundTaskManagement.framework/Versions/A/BackgroundTaskManagement
0x00007fff2bf7e000 	/System/Library/Frameworks/ImageIO.framework/Versions/A/Resources/libRadiance.dylib
0x00007fff2bf87000 	/System/Library/Frameworks/ImageIO.framework/Versions/A/Resources/libJPEG.dylib
0x00007fff2bed2000 	/System/Library/Frameworks/ImageIO.framework/Versions/A/Resources/libPng.dylib
0x00007fff2bef9000 	/System/Library/Frameworks/ImageIO.framework/Versions/A/Resources/libTIFF.dylib
0x00007fff2bfdc000 	/System/Library/Frameworks/ImageIO.framework/Versions/A/Resources/libGIF.dylib
0x00007fff2bc25000 	/System/Library/Frameworks/ImageIO.framework/Versions/A/Resources/libJP2.dylib
0x00007fff2b341000 	/usr/lib/libexpat.1.dylib
0x00007fff2bbdb000 	/System/Library/PrivateFrameworks/AppleJPEG.framework/Versions/A/AppleJPEG
0x00007fff2877c000 	/System/Library/PrivateFrameworks/FontServices.framework/libFontParser.dylib
0x00007fff2614b000 	/System/Library/PrivateFrameworks/RunningBoardServices.framework/Versions/A/RunningBoardServices
0x00007fff2bd04000 	/System/Library/PrivateFrameworks/WatchdogClient.framework/Versions/A/WatchdogClient
0x00007fff21503000 	/System/Library/Frameworks/CoreDisplay.framework/Versions/A/CoreDisplay
0x00007fff28691000 	/System/Library/Frameworks/CoreMedia.framework/Versions/A/CoreMedia
0x00007fff2751b000 	/System/Library/Frameworks/CoreVideo.framework/Versions/A/CoreVideo
0x00007fff2bd3f000 	/System/Library/Frameworks/VideoToolbox.framework/Versions/A/VideoToolbox
0x00007fff260cb000 	/System/Library/PrivateFrameworks/BaseBoard.framework/Versions/A/BaseBoard
0x00007fff2b485000 	/System/Library/PrivateFrameworks/PersistentConnection.framework/Versions/A/PersistentConnection
0x00007fff25e71000 	/System/Library/PrivateFrameworks/ProtocolBuffer.framework/Versions/A/ProtocolBuffer
0x00007fff260b3000 	/System/Library/PrivateFrameworks/CommonUtilities.framework/Versions/A/CommonUtilities
0x00007fff2bb9e000 	/System/Library/PrivateFrameworks/Bom.framework/Versions/A/Bom
0x00007fff2bf76000 	/System/Library/PrivateFrameworks/GPUWrangler.framework/Versions/A/GPUWrangler
0x00007fff2bf59000 	/System/Library/PrivateFrameworks/IOPresentment.framework/Versions/A/IOPresentment
0x00007fff2bf81000 	/System/Library/PrivateFrameworks/DSExternalDisplay.framework/Versions/A/DSExternalDisplay
0x00007fff2bfe1000 	/System/Library/PrivateFrameworks/CMCaptureCore.framework/Versions/A/CMCaptureCore
0x00007fff2b921000 	/System/Library/PrivateFrameworks/AppServerSupport.framework/Versions/A/AppServerSupport
0x00007fff2d9bc000 	/System/Library/PrivateFrameworks/perfdata.framework/Versions/A/perfdata
0x00007fff29d97000 	/System/Library/PrivateFrameworks/AssertionServices.framework/Versions/A/AssertionServices
0x00007fff2163a000 	/System/Library/PrivateFrameworks/AudioToolboxCore.framework/Versions/A/AudioToolboxCore
0x00007fff28674000 	/System/Library/PrivateFrameworks/caulk.framework/Versions/A/caulk
0x00007fff3ce68000 	/System/Library/PrivateFrameworks/SystemPolicy.framework/Versions/A/SystemPolicy
0x00007fff2b150000 	/usr/lib/libIOReport.dylib
0x00007fff2d1f8000 	/usr/lib/libSMC.dylib
0x00007fff2be9e000 	/usr/lib/libAudioToolboxUtility.dylib
0x00007fff3d7c5000 	/usr/lib/libmis.dylib
0x00007fff6bd77000 	/System/Library/Frameworks/OpenGL.framework/Versions/A/Libraries/libGLU.dylib
0x00007fff6bd3a000 	/System/Library/Frameworks/OpenGL.framework/Versions/A/Libraries/libGFXShared.dylib
0x00007fff6bf48000 	/System/Library/Frameworks/OpenGL.framework/Versions/A/Libraries/libGL.dylib
0x00007fff6bd43000 	/System/Library/Frameworks/OpenGL.framework/Versions/A/Libraries/libGLImage.dylib
0x00007fff6bd37000 	/System/Library/Frameworks/OpenGL.framework/Versions/A/Libraries/libCVMSPluginSupport.dylib
0x00007fff6bd22000 	/System/Library/Frameworks/OpenGL.framework/Versions/A/Libraries/libCoreVMClient.dylib
0x00007fff6d392000 	/System/Library/Frameworks/OpenCL.framework/Versions/A/OpenCL
0x00007fff2b4ae000 	/System/Library/PrivateFrameworks/GraphVisualizer.framework/Versions/A/GraphVisualizer
0x00007fff2b4bd000 	/System/Library/PrivateFrameworks/FaceCore.framework/Versions/A/FaceCore
0x00007fff2b8d9000 	/System/Library/PrivateFrameworks/OTSVG.framework/Versions/A/OTSVG
0x00007fff27110000 	/System/Library/Frameworks/ApplicationServices.framework/Versions/A/Frameworks/ATS.framework/Versions/A/Resources/libFontRegistry.dylib
0x00007fff2b928000 	/System/Library/PrivateFrameworks/FontServices.framework/libhvf.dylib
0x00007fff2b2ed000 	/System/Library/PrivateFrameworks/AppleVA.framework/Versions/A/AppleVA
0x00007fff2d040000 	/System/Library/Frameworks/ApplicationServices.framework/Versions/A/Frameworks/ATS.framework/Versions/A/ATS
0x00007fff2d353000 	/System/Library/Frameworks/ApplicationServices.framework/Versions/A/Frameworks/ColorSyncLegacy.framework/Versions/A/ColorSyncLegacy
0x00007fff2563e000 	/System/Library/Frameworks/ApplicationServices.framework/Versions/A/Frameworks/HIServices.framework/Versions/A/HIServices
0x00007fff2d338000 	/System/Library/Frameworks/ApplicationServices.framework/Versions/A/Frameworks/LangAnalysis.framework/Versions/A/LangAnalysis
0x00007fff2bfeb000 	/System/Library/Frameworks/ApplicationServices.framework/Versions/A/Frameworks/PrintCore.framework/Versions/A/PrintCore
0x00007fff2d35b000 	/System/Library/Frameworks/ApplicationServices.framework/Versions/A/Frameworks/QD.framework/Versions/A/QD
0x00007fff2d030000 	/System/Library/Frameworks/ApplicationServices.framework/Versions/A/Frameworks/SpeechSynthesis.framework/Versions/A/SpeechSynthesis
0x00007fff2bfac000 	/System/Library/Frameworks/ApplicationServices.framework/Versions/A/Frameworks/ATSUI.framework/Versions/A/ATSUI
0x00007fff2d2d8000 	/usr/lib/libcups.2.dylib
0x00007fff2d348000 	/System/Library/PrivateFrameworks/NetAuth.framework/Versions/A/NetAuth
0x00007fff2d9d7000 	/System/Library/Frameworks/Kerberos.framework/Versions/A/Kerberos
0x00007fff2d9e7000 	/System/Library/Frameworks/GSS.framework/Versions/A/GSS
0x00007fff2d0ad000 	/usr/lib/libresolv.9.dylib
0x00007fff2b93e000 	/System/Library/PrivateFrameworks/Heimdal.framework/Versions/A/Heimdal
0x00007fff3369e000 	/System/Library/Frameworks/Kerberos.framework/Versions/A/Libraries/libHeimdalProxy.dylib
0x00007fff26218000 	/System/Library/Frameworks/Network.framework/Versions/A/Network
0x00007fff2b35a000 	/usr/lib/libheimdal-asn1.dylib
0x00007fff2da38000 	/System/Library/PrivateFrameworks/CommonAuth.framework/Versions/A/CommonAuth
0x00007fff27569000 	/System/Library/PrivateFrameworks/login.framework/Versions/A/Frameworks/loginsupport.framework/Versions/A/loginsupport
0x00007fff2cfb7000 	/System/Library/PrivateFrameworks/AudioSession.framework/Versions/A/AudioSession
0x00007fff2d01d000 	/usr/lib/libAudioStatistics.dylib
0x00007fff2b3e6000 	/System/Library/PrivateFrameworks/MediaExperience.framework/Versions/A/MediaExperience
0x00007fff2ce50000 	/System/Library/PrivateFrameworks/AudioSession.framework/libSessionUtility.dylib
0x00007fff2d9c8000 	/usr/lib/libperfcheck.dylib
0x00007fff2d367000 	/System/Library/PrivateFrameworks/AudioResourceArbitration.framework/Versions/A/AudioResourceArbitration
0x00007fff2b364000 	/System/Library/PrivateFrameworks/IconFoundation.framework/Versions/A/IconFoundation
0x00007fff2fe6b000 	/System/Library/PrivateFrameworks/SpeechRecognitionCore.framework/Versions/A/SpeechRecognitionCore
0x00007fff5d132000 	/System/Library/CoreServices/Encodings/libKoreanConverter.dylib
0x000000010d000000 	/Library/Java/JavaVirtualMachines/jdk-17.0.1.jdk/Contents/Home/lib/server/libjvm.dylib
0x0000000108a7f000 	/Library/Java/JavaVirtualMachines/jdk-17.0.1.jdk/Contents/Home/lib/libjimage.dylib
0x0000000108a9d000 	/Library/Java/JavaVirtualMachines/jdk-17.0.1.jdk/Contents/Home/lib/libinstrument.dylib
0x0000000108ac6000 	/Library/Java/JavaVirtualMachines/jdk-17.0.1.jdk/Contents/Home/lib/libjava.dylib
0x0000000108b2c000 	/private/var/folders/d7/pzyyff8j73x12v831n793dv80000gn/T/libasyncProfiler.so
0x0000000132161000 	/Library/Java/JavaVirtualMachines/jdk-17.0.1.jdk/Contents/Home/lib/libzip.dylib
0x0000000132196000 	/Library/Java/JavaVirtualMachines/jdk-17.0.1.jdk/Contents/Home/lib/libnio.dylib
0x00000001321ce000 	/Library/Java/JavaVirtualMachines/jdk-17.0.1.jdk/Contents/Home/lib/libnet.dylib
0x00000001322c7000 	/Library/Java/JavaVirtualMachines/jdk-17.0.1.jdk/Contents/Home/lib/libextnet.dylib
0x000000010e980000 	/Library/Java/JavaVirtualMachines/jdk-17.0.1.jdk/Contents/Home/lib/libverify.dylib
0x000000010f581000 	/Library/Java/JavaVirtualMachines/jdk-17.0.1.jdk/Contents/Home/lib/libmanagement.dylib
0x000000010f5a0000 	/Library/Java/JavaVirtualMachines/jdk-17.0.1.jdk/Contents/Home/lib/libmanagement_ext.dylib


VM Arguments:
jvm_args: -ea -Didea.test.cyclic.buffer.size=1048576 -javaagent:/Applications/IntelliJ IDEA.app/Contents/lib/idea_rt.jar=49933:/Applications/IntelliJ IDEA.app/Contents/bin -agentpath:/private/var/folders/d7/pzyyff8j73x12v831n793dv80000gn/T/libasyncProfiler.so=start,jfr,event=cpu,interval=1ms,event=alloc,file=/Users/seungjae/TotalUnitTest_2021_11_14_151217.jfr -Dfile.encoding=UTF-8 
java_command: com.intellij.rt.junit.JUnitStarter -ideVersion5 -junit5 @w@/private/var/folders/d7/pzyyff8j73x12v831n793dv80000gn/T/idea_working_dirs_junit.tmp @/private/var/folders/d7/pzyyff8j73x12v831n793dv80000gn/T/idea_junit.tmp -socket49932
java_class_path (initial): /Users/seungjae/.m2/repository/org/junit/platform/junit-platform-launcher/1.7.2/junit-platform-launcher-1.7.2.jar:/Users/seungjae/.m2/repository/org/apiguardian/apiguardian-api/1.1.0/apiguardian-api-1.1.0.jar:/Users/seungjae/.m2/repository/org/junit/platform/junit-platform-engine/1.7.2/junit-platform-engine-1.7.2.jar:/Users/seungjae/.m2/repository/org/opentest4j/opentest4j/1.2.0/opentest4j-1.2.0.jar:/Users/seungjae/.m2/repository/org/junit/platform/junit-platform-commons/1.7.2/junit-platform-commons-1.7.2.jar:/Applications/IntelliJ IDEA.app/Contents/lib/idea_rt.jar:/Applications/IntelliJ IDEA.app/Contents/plugins/junit/lib/junit5-rt.jar:/Applications/IntelliJ IDEA.app/Contents/plugins/junit/lib/junit-rt.jar:/Users/seungjae/Desktop/Study/yourlist/out/test/classes:/Users/seungjae/Desktop/Study/yourlist/out/production/classes:/Users/seungjae/Desktop/Study/yourlist/out/production/resources:/Users/seungjae/.gradle/caches/modules-2/files-2.1/org.springframework.boot/spring-boot-starter-web/2.5.5/c09bf133d22c865d6ce4d67ff48aece7ff1defb1/spring-boot-starter-web-2.5.5.jar:/Users/seungjae/.gradle/caches/modules-2/files-2.1/org.springframework.boot/spring-boot-starter-security/2.5.5/30cec14d6be2595abeca39985c84b4d941c07cd4/spring-boot-starter-security-2.5.5.jar:/Users/seungjae/.gradle/caches/modules-2/files-2.1/org.springframework.boot/spring-boot-starter-data-jpa/2.5.5/5ec66dab8ad9dead3322e21d1bfafe29da89f360/spring-boot-starter-data-jpa-2.5.5.jar:/Users/seungjae/.gradle/caches/modules-2/files-2.1/org.springframework.boot/spring-boot-starter-test/2.5.5/e78676e5ac354f483699308768713aa016951448/spring-boot-starter-test-2.5.5.jar:/Users/seungjae/.gradle/caches/modules-2/files-2.1/org.hamcrest/hamcrest/2.2/1820c0968dba3a11a1b30669bb1f01978a91dedc/hamcrest-2.2.jar:/Users/seungjae/.gradle/caches/modules-2/files-2.1/org.springframework.security/spring-security-test/5.5.1/fa18a1f9af0bbc42b639fb9e9479f25d9e03d7ea/spring-security-test-5.5.1.jar:/Users/seung
Launcher Type: SUN_STANDARD

[Global flags]
     intx CICompilerCount                          = 4                                         {product} {ergonomic}
     uint ConcGCThreads                            = 2                                         {product} {ergonomic}
     uint G1ConcRefinementThreads                  = 8                                         {product} {ergonomic}
   size_t G1HeapRegionSize                         = 2097152                                   {product} {ergonomic}
    uintx GCDrainStackTargetSize                   = 64                                        {product} {ergonomic}
   size_t InitialHeapSize                          = 268435456                                 {product} {ergonomic}
   size_t MarkStackSize                            = 4194304                                   {product} {ergonomic}
   size_t MaxHeapSize                              = 4294967296                                {product} {ergonomic}
   size_t MaxNewSize                               = 2575302656                                {product} {ergonomic}
   size_t MinHeapDeltaBytes                        = 2097152                                   {product} {ergonomic}
   size_t MinHeapSize                              = 8388608                                   {product} {ergonomic}
    uintx NonNMethodCodeHeapSize                   = 5839372                                {pd product} {ergonomic}
    uintx NonProfiledCodeHeapSize                  = 122909434                              {pd product} {ergonomic}
    uintx ProfiledCodeHeapSize                     = 122909434                              {pd product} {ergonomic}
    uintx ReservedCodeCacheSize                    = 251658240                              {pd product} {ergonomic}
     bool SegmentedCodeCache                       = true                                      {product} {ergonomic}
   size_t SoftMaxHeapSize                          = 4294967296                             {manageable} {ergonomic}
     bool UseCompressedClassPointers               = true                           {product lp64_product} {ergonomic}
     bool UseCompressedOops                        = true                           {product lp64_product} {ergonomic}
     bool UseG1GC                                  = true                                      {product} {ergonomic}
     bool UseNUMA                                  = false                                     {product} {ergonomic}
     bool UseNUMAInterleaving                      = false                                     {product} {ergonomic}

Logging:
Log output configuration:
 #0: stdout all=warning,jni+resolve=error uptime,level,tags (reconfigured)
 #1: stderr all=off uptime,level,tags

Environment Variables:
PATH=/opt/homebrew/bin:/usr/local/bin:/usr/bin:/bin:/usr/sbin:/sbin:/Library/Apple/usr/bin:/Users/seungjae/.fzf/bin:/Library/Java/JavaVirtualMachines/jdk-17.0.1.jdk/Contents/Home/bin
SHELL=/bin/zsh
LC_CTYPE=ko_KR.UTF-8

Signal Handlers:
   SIGSEGV: crash_handler in libjvm.dylib, mask=11100110100111111111111111111111, flags=SA_RESTART|SA_SIGINFO
    SIGBUS: crash_handler in libjvm.dylib, mask=11100110100111111111111111111111, flags=SA_RESTART|SA_SIGINFO
    SIGFPE: crash_handler in libjvm.dylib, mask=11100110100111111111111111111111, flags=SA_RESTART|SA_SIGINFO
   SIGPIPE: javaSignalHandler in libjvm.dylib, mask=11100110100111111111111111111111, flags=SA_RESTART|SA_SIGINFO
   SIGXFSZ: javaSignalHandler in libjvm.dylib, mask=11100110100111111111111111111111, flags=SA_RESTART|SA_SIGINFO
    SIGILL: crash_handler in libjvm.dylib, mask=11100110100111111111111111111111, flags=SA_RESTART|SA_SIGINFO
   SIGUSR2: SR_handler in libjvm.dylib, mask=00100000000000000000000000000000, flags=SA_RESTART|SA_SIGINFO
    SIGHUP: UserHandler in libjvm.dylib, mask=11100110100111111111111111111111, flags=SA_RESTART|SA_SIGINFO
    SIGINT: UserHandler in libjvm.dylib, mask=11100110100111111111111111111111, flags=SA_RESTART|SA_SIGINFO
   SIGTERM: UserHandler in libjvm.dylib, mask=11100110100111111111111111111111, flags=SA_RESTART|SA_SIGINFO
   SIGQUIT: UserHandler in libjvm.dylib, mask=11100110100111111111111111111111, flags=SA_RESTART|SA_SIGINFO
   SIGTRAP: crash_handler in libjvm.dylib, mask=11100110100111111111111111111111, flags=SA_RESTART|SA_SIGINFO


---------------  S Y S T E M  ---------------

OS:
uname: Darwin 20.6.0 Darwin Kernel Version 20.6.0: Wed Jun 23 00:26:27 PDT 2021; root:xnu-7195.141.2~5/RELEASE_ARM64_T8101 x86_64
OS uptime: 32 days 5:58 hours
rlimit (soft/hard): STACK 8176k/65520k , CORE 0k/infinity , NPROC 2666/4000 , NOFILE 10240/infinity , AS infinity/infinity , CPU infinity/infinity , DATA infinity/infinity , FSIZE infinity/infinity , MEMLOCK infinity/infinity , RSS infinity/infinity
load average: 1.47 1.55 1.63

CPU: (EMULATED) total 8 (initial active 8) (1 cores per cpu, 1 threads per core) family 6 model 44 stepping 0 microcode 0x0, cx8, cmov, fxsr, mmx, sse, sse2, sse3, ssse3, sse4.1, sse4.2, popcnt, tsc, tscinvbit, aes, clmul, clflush

Memory: 4k page, physical 16777216k(29928k free), swap 2097152k(1206784k free)

vm_info: Java HotSpot(TM) 64-Bit Server VM (17.0.1+12-LTS-39) for bsd-amd64 JRE (17.0.1+12-LTS-39), built on Sep 27 2021 17:40:18 by "mach5one" with clang Apple LLVM 12.0.0 (clang-1200.0.32.29)

END.
